4
npm WARN deprecated source-map-url@0.4.1: See https://github.com/lydell/source-map-url#deprecated
npm WARN deprecated urix@0.1.0: Please see https://github.com/lydell/urix#deprecated
npm WARN deprecated har-validator@5.1.5: this library is no longer supported
npm WARN deprecated resolve-url@0.2.1: https://github.com/lydell/resolve-url#deprecated
npm WARN deprecated source-map-resolve@0.5.3: See https://github.com/lydell/source-map-resolve#deprecated
npm WARN deprecated formidable@1.2.6: Please upgrade to latest, formidable@v2 or formidable@v3! Check these notes: https://bit.ly/2ZEqIau
npm WARN deprecated debug@3.2.6: Debug versions >=3.2.0 <3.2.7 || >=4 <4.3.1 have a low-severity ReDos regression when used in a Node.js environment. It is recommended you upgrade to 3.2.7 or 4.3.1. (https://github.com/visionmedia/debug/issues/797)
npm WARN deprecated chokidar@2.1.8: Chokidar 2 does not receive security updates since 2019. Upgrade to chokidar 3 with 15x fewer dependencies
npm WARN deprecated uuid@3.4.0: Please upgrade  to version 7 or higher.  Older versions may use Math.random() in certain circumstances, which is known to be problematic.  See https://v8.dev/blog/math-random for details.
npm WARN deprecated request@2.88.2: request has been deprecated, see https://github.com/request/request/issues/3142
npm WARN deprecated nodeunit@0.11.3: you are strongly encouraged to use other testing options
npm WARN deprecated highlight.js@9.18.5: Support has ended for 9.x series. Upgrade to @latest

/data/js-variants/multee/Clients/send/node-restify/node_modules/nodeunit/lib/core.js:285
    if (group.setUp) {
              ^
TypeError: Cannot read properties of undefined (reading 'setUp')
    at wrapGroup (/data/js-variants/multee/Clients/send/node-restify/node_modules/nodeunit/lib/core.js:285:15)
    at Object.exports.runSuite (/data/js-variants/multee/Clients/send/node-restify/node_modules/nodeunit/lib/core.js:93:13)
    at /data/js-variants/multee/Clients/send/node-restify/node_modules/nodeunit/lib/core.js:125:21
    at /data/js-variants/multee/Clients/send/node-restify/node_modules/nodeunit/deps/async.js:513:13
    at iterate (/data/js-variants/multee/Clients/send/node-restify/node_modules/nodeunit/deps/async.js:123:13)
    at /data/js-variants/multee/Clients/send/node-restify/node_modules/nodeunit/deps/async.js:134:25
    at /data/js-variants/multee/Clients/send/node-restify/node_modules/nodeunit/deps/async.js:515:17
    at Immediate.<anonymous> (/data/js-variants/multee/Clients/send/node-restify/node_modules/nodeunit/lib/types.js:146:17)
    at processImmediate (node:internal/timers:471:21)
    at process.topLevelDomainCallback (node:domain:152:15)
make: *** [Makefile:61: test] Error 1

/data/js-variants/multee/Clients/send/node-restify/node_modules/nodeunit/lib/core.js:285
    if (group.setUp) {
              ^
TypeError: Cannot read properties of undefined (reading 'setUp')
    at wrapGroup (/data/js-variants/multee/Clients/send/node-restify/node_modules/nodeunit/lib/core.js:285:15)
    at Object.exports.runSuite (/data/js-variants/multee/Clients/send/node-restify/node_modules/nodeunit/lib/core.js:93:13)
    at /data/js-variants/multee/Clients/send/node-restify/node_modules/nodeunit/lib/core.js:125:21
    at /data/js-variants/multee/Clients/send/node-restify/node_modules/nodeunit/deps/async.js:513:13
    at iterate (/data/js-variants/multee/Clients/send/node-restify/node_modules/nodeunit/deps/async.js:123:13)
    at /data/js-variants/multee/Clients/send/node-restify/node_modules/nodeunit/deps/async.js:134:25
    at /data/js-variants/multee/Clients/send/node-restify/node_modules/nodeunit/deps/async.js:515:17
    at Immediate.<anonymous> (/data/js-variants/multee/Clients/send/node-restify/node_modules/nodeunit/lib/types.js:146:17)
    at processImmediate (node:internal/timers:471:21)
    at process.topLevelDomainCallback (node:domain:152:15)
make: *** [Makefile:61: test] Error 1

/data/js-variants/multee/Clients/send/node-restify/node_modules/nodeunit/lib/core.js:285
    if (group.setUp) {
              ^
TypeError: Cannot read properties of undefined (reading 'setUp')
    at wrapGroup (/data/js-variants/multee/Clients/send/node-restify/node_modules/nodeunit/lib/core.js:285:15)
    at Object.exports.runSuite (/data/js-variants/multee/Clients/send/node-restify/node_modules/nodeunit/lib/core.js:93:13)
    at /data/js-variants/multee/Clients/send/node-restify/node_modules/nodeunit/lib/core.js:125:21
    at /data/js-variants/multee/Clients/send/node-restify/node_modules/nodeunit/deps/async.js:513:13
    at iterate (/data/js-variants/multee/Clients/send/node-restify/node_modules/nodeunit/deps/async.js:123:13)
    at /data/js-variants/multee/Clients/send/node-restify/node_modules/nodeunit/deps/async.js:134:25
    at /data/js-variants/multee/Clients/send/node-restify/node_modules/nodeunit/deps/async.js:515:17
    at Immediate.<anonymous> (/data/js-variants/multee/Clients/send/node-restify/node_modules/nodeunit/lib/types.js:146:17)
    at processImmediate (node:internal/timers:471:21)
    at process.topLevelDomainCallback (node:domain:152:15)
make: *** [Makefile:61: test] Error 1

/data/js-variants/multee/Clients/send/node-restify/node_modules/nodeunit/lib/core.js:285
    if (group.setUp) {
              ^
TypeError: Cannot read properties of undefined (reading 'setUp')
    at wrapGroup (/data/js-variants/multee/Clients/send/node-restify/node_modules/nodeunit/lib/core.js:285:15)
    at Object.exports.runSuite (/data/js-variants/multee/Clients/send/node-restify/node_modules/nodeunit/lib/core.js:93:13)
    at /data/js-variants/multee/Clients/send/node-restify/node_modules/nodeunit/lib/core.js:125:21
    at /data/js-variants/multee/Clients/send/node-restify/node_modules/nodeunit/deps/async.js:513:13
    at iterate (/data/js-variants/multee/Clients/send/node-restify/node_modules/nodeunit/deps/async.js:123:13)
    at /data/js-variants/multee/Clients/send/node-restify/node_modules/nodeunit/deps/async.js:134:25
    at /data/js-variants/multee/Clients/send/node-restify/node_modules/nodeunit/deps/async.js:515:17
    at Immediate.<anonymous> (/data/js-variants/multee/Clients/send/node-restify/node_modules/nodeunit/lib/types.js:146:17)
    at processImmediate (node:internal/timers:471:21)
    at process.topLevelDomainCallback (node:domain:152:15)
make: *** [Makefile:61: test] Error 1
