6
npm ERR! code 1
npm ERR! path /data/js-variants/multee/Variants/sharp/variant6/sharp
npm ERR! command failed
npm ERR! command sh -c /tmp/install-1660058985753.sh
npm ERR! sharp: Using existing vendored libvips v8.12.2
npm ERR! make: Entering directory '/data/js-variants/multee/Variants/sharp/variant6/sharp/build'
npm ERR!   TOUCH Release/obj.target/libvips-cpp.stamp
npm ERR!   CC(target) Release/obj.target/nothing/node_modules/node-addon-api/nothing.o
npm ERR!   AR(target) Release/obj.target/node_modules/node-addon-api/nothing.a
npm ERR!   COPY Release/nothing.a
npm ERR!   CXX(target) Release/obj.target/sharp-linux-x64/src/common.o
npm ERR! make: Leaving directory '/data/js-variants/multee/Variants/sharp/variant6/sharp/build'
npm ERR! prebuild-install warn install EACCES: permission denied, access '/root/.npm'
npm ERR! gyp info it worked if it ends with ok
npm ERR! gyp info using node-gyp@6.1.0
npm ERR! gyp info using node@18.3.0 | linux | x64
npm ERR! gyp info find Python using Python version 3.10.5 found at "/usr/bin/python3"
npm ERR! gyp WARN EACCES current user ("liu-yuxin") does not have permission to access the dev dir "/root/.cache/node-gyp/18.3.0"
npm ERR! gyp WARN EACCES attempting to reinstall using temporary dev dir "/tmp/.node-gyp"
npm ERR! (node:276318) [DEP0150] DeprecationWarning: Setting process.config is deprecated. In the future the property will be read-only.
npm ERR! (Use `node --trace-deprecation ...` to show where the warning was created)
npm ERR! gyp info spawn /usr/bin/python3
npm ERR! gyp info spawn args [
npm ERR! gyp info spawn args   '/data/js-variants/multee/Variants/sharp/variant6/sharp/node_modules/node-gyp/gyp/gyp_main.py',
npm ERR! gyp info spawn args   'binding.gyp',
npm ERR! gyp info spawn args   '-f',
npm ERR! gyp info spawn args   'make',
npm ERR! gyp info spawn args   '-I',
npm ERR! gyp info spawn args   '/data/js-variants/multee/Variants/sharp/variant6/sharp/build/config.gypi',
npm ERR! gyp info spawn args   '-I',
npm ERR! gyp info spawn args   '/data/js-variants/multee/Variants/sharp/variant6/sharp/node_modules/node-gyp/addon.gypi',
npm ERR! gyp info spawn args   '-I',
npm ERR! gyp info spawn args   '/tmp/.node-gyp/18.3.0/include/node/common.gypi',
npm ERR! gyp info spawn args   '-Dlibrary=shared_library',
npm ERR! gyp info spawn args   '-Dvisibility=default',
npm ERR! gyp info spawn args   '-Dnode_root_dir=/tmp/.node-gyp/18.3.0',
npm ERR! gyp info spawn args   '-Dnode_gyp_dir=/data/js-variants/multee/Variants/sharp/variant6/sharp/node_modules/node-gyp',
npm ERR! gyp info spawn args   '-Dnode_lib_file=/tmp/.node-gyp/18.3.0/<(target_arch)/node.lib',
npm ERR! gyp info spawn args   '-Dmodule_root_dir=/data/js-variants/multee/Variants/sharp/variant6/sharp',
npm ERR! gyp info spawn args   '-Dnode_engine=v8',
npm ERR! gyp info spawn args   '--depth=.',
npm ERR! gyp info spawn args   '--no-parallel',
npm ERR! gyp info spawn args   '--generator-output',
npm ERR! gyp info spawn args   'build',
npm ERR! gyp info spawn args   '-Goutput_dir=.'
npm ERR! gyp info spawn args ]
npm ERR! gyp info spawn make
npm ERR! gyp info spawn args [ 'BUILDTYPE=Release', '-C', 'build' ]
npm ERR! ../src/common.cc:24:10: fatal error: vips/vips8: No such file or directory
npm ERR!    24 | #include <vips/vips8>
npm ERR!       |          ^~~~~~~~~~~~
npm ERR! compilation terminated.
npm ERR! make: *** [sharp-linux-x64.target.mk:139: Release/obj.target/sharp-linux-x64/src/common.o] Error 1
npm ERR! gyp ERR! build error 
npm ERR! gyp ERR! stack Error: `make` failed with exit code: 2
npm ERR! gyp ERR! stack     at ChildProcess.onExit (/data/js-variants/multee/Variants/sharp/variant6/sharp/node_modules/node-gyp/lib/build.js:194:23)
npm ERR! gyp ERR! stack     at ChildProcess.emit (node:events:527:28)
npm ERR! gyp ERR! stack     at ChildProcess._handle.onexit (node:internal/child_process:291:12)
npm ERR! gyp ERR! System Linux 5.13.0-1031-azure
npm ERR! gyp ERR! command "/usr/local/bin/node" "/data/js-variants/multee/Variants/sharp/variant6/sharp/node_modules/.bin/node-gyp" "rebuild"
npm ERR! gyp ERR! cwd /data/js-variants/multee/Variants/sharp/variant6/sharp
npm ERR! gyp ERR! node -v v18.3.0
npm ERR! gyp ERR! node-gyp -v v6.1.0
npm ERR! gyp ERR! not ok

npm ERR! A complete log of this run can be found in:
npm ERR!     /root/.npm/_logs/2022-08-09T15_29_45_567Z-debug-0.log
PASS src/lib/rle.test.ts
  RLE
    packBits
      ✓ Normaly (1 ms)
    packICNS
      ✓ Normaly
    unpackBits
      ✓ Normaly (1 ms)
    _packBitsLiteralToResult
      ✓ Normaly
      ✓ Empty (1 ms)

PASS src/lib/png.test.ts
  PNG
    generatePNG
      ✓ Generate (15 ms)
    filterImagesBySizes
      ✓ ICO
      ✓ ICNS
      ✓ Favicon

PASS src/bin/cli.test.ts
  CLI
    parseArgv
      input
        ✓ --input (3 ms)
        ✓ -i
      output
        ✓ --output
        ✓ -o
      icon
        ✓ Defaults
      icon.ico
        ✓ --ico (1 ms)
        ✓ --ico-name
        ✓ --ico-sizes
      icon.icns
        ✓ --icns
        ✓ --icns-name (1 ms)
        ✓ --icns-sizes
      icon.favicon
        ✓ --favicon (1 ms)
        ✓ --favicon-name
        ✓ --favicon-png-sizes (1 ms)
        ✓ --favicon-ico-sizes

PASS src/lib/ico.test.ts
  ICO
    ✓ generateICO (52 ms)

PASS src/lib/favicon.test.ts
  Favicon
    ✓ generateFavicon (43 ms)
    ✓ generatePNG (4 ms)

PASS src/lib/icns.test.ts
  ICNS
    ✓ generateICNS (15 ms)

Test Suites: 6 passed, 6 total
Tests:       28 passed, 28 total
Snapshots:   0 total
Time:        3.717 s, estimated 4 s
Ran all test suites.
npm ERR! code 1
npm ERR! path /data/js-variants/multee/Variants/sharp/variant5/sharp
npm ERR! command failed
npm ERR! command sh -c /tmp/install-1660058999389.sh
npm ERR! sharp: Using existing vendored libvips v8.12.2
npm ERR! make: Entering directory '/data/js-variants/multee/Variants/sharp/variant5/sharp/build'
npm ERR!   TOUCH Release/obj.target/libvips-cpp.stamp
npm ERR!   CC(target) Release/obj.target/nothing/node_modules/node-addon-api/nothing.o
npm ERR!   AR(target) Release/obj.target/node_modules/node-addon-api/nothing.a
npm ERR!   COPY Release/nothing.a
npm ERR!   CXX(target) Release/obj.target/sharp-linux-x64/src/common.o
npm ERR! make: Leaving directory '/data/js-variants/multee/Variants/sharp/variant5/sharp/build'
npm ERR! prebuild-install warn install EACCES: permission denied, access '/root/.npm'
npm ERR! gyp info it worked if it ends with ok
npm ERR! gyp info using node-gyp@6.1.0
npm ERR! gyp info using node@18.3.0 | linux | x64
npm ERR! gyp info find Python using Python version 3.10.5 found at "/usr/bin/python3"
npm ERR! gyp WARN EACCES current user ("liu-yuxin") does not have permission to access the dev dir "/root/.cache/node-gyp/18.3.0"
npm ERR! gyp WARN EACCES attempting to reinstall using temporary dev dir "/tmp/.node-gyp"
npm ERR! (node:276762) [DEP0150] DeprecationWarning: Setting process.config is deprecated. In the future the property will be read-only.
npm ERR! (Use `node --trace-deprecation ...` to show where the warning was created)
npm ERR! gyp info spawn /usr/bin/python3
npm ERR! gyp info spawn args [
npm ERR! gyp info spawn args   '/data/js-variants/multee/Variants/sharp/variant5/sharp/node_modules/node-gyp/gyp/gyp_main.py',
npm ERR! gyp info spawn args   'binding.gyp',
npm ERR! gyp info spawn args   '-f',
npm ERR! gyp info spawn args   'make',
npm ERR! gyp info spawn args   '-I',
npm ERR! gyp info spawn args   '/data/js-variants/multee/Variants/sharp/variant5/sharp/build/config.gypi',
npm ERR! gyp info spawn args   '-I',
npm ERR! gyp info spawn args   '/data/js-variants/multee/Variants/sharp/variant5/sharp/node_modules/node-gyp/addon.gypi',
npm ERR! gyp info spawn args   '-I',
npm ERR! gyp info spawn args   '/tmp/.node-gyp/18.3.0/include/node/common.gypi',
npm ERR! gyp info spawn args   '-Dlibrary=shared_library',
npm ERR! gyp info spawn args   '-Dvisibility=default',
npm ERR! gyp info spawn args   '-Dnode_root_dir=/tmp/.node-gyp/18.3.0',
npm ERR! gyp info spawn args   '-Dnode_gyp_dir=/data/js-variants/multee/Variants/sharp/variant5/sharp/node_modules/node-gyp',
npm ERR! gyp info spawn args   '-Dnode_lib_file=/tmp/.node-gyp/18.3.0/<(target_arch)/node.lib',
npm ERR! gyp info spawn args   '-Dmodule_root_dir=/data/js-variants/multee/Variants/sharp/variant5/sharp',
npm ERR! gyp info spawn args   '-Dnode_engine=v8',
npm ERR! gyp info spawn args   '--depth=.',
npm ERR! gyp info spawn args   '--no-parallel',
npm ERR! gyp info spawn args   '--generator-output',
npm ERR! gyp info spawn args   'build',
npm ERR! gyp info spawn args   '-Goutput_dir=.'
npm ERR! gyp info spawn args ]
npm ERR! gyp info spawn make
npm ERR! gyp info spawn args [ 'BUILDTYPE=Release', '-C', 'build' ]
npm ERR! ../src/common.cc:24:10: fatal error: vips/vips8: No such file or directory
npm ERR!    24 | #include <vips/vips8>
npm ERR!       |          ^~~~~~~~~~~~
npm ERR! compilation terminated.
npm ERR! make: *** [sharp-linux-x64.target.mk:139: Release/obj.target/sharp-linux-x64/src/common.o] Error 1
npm ERR! gyp ERR! build error 
npm ERR! gyp ERR! stack Error: `make` failed with exit code: 2
npm ERR! gyp ERR! stack     at ChildProcess.onExit (/data/js-variants/multee/Variants/sharp/variant5/sharp/node_modules/node-gyp/lib/build.js:194:23)
npm ERR! gyp ERR! stack     at ChildProcess.emit (node:events:527:28)
npm ERR! gyp ERR! stack     at ChildProcess._handle.onexit (node:internal/child_process:291:12)
npm ERR! gyp ERR! System Linux 5.13.0-1031-azure
npm ERR! gyp ERR! command "/usr/local/bin/node" "/data/js-variants/multee/Variants/sharp/variant5/sharp/node_modules/.bin/node-gyp" "rebuild"
npm ERR! gyp ERR! cwd /data/js-variants/multee/Variants/sharp/variant5/sharp
npm ERR! gyp ERR! node -v v18.3.0
npm ERR! gyp ERR! node-gyp -v v6.1.0
npm ERR! gyp ERR! not ok

npm ERR! A complete log of this run can be found in:
npm ERR!     /root/.npm/_logs/2022-08-09T15_29_59_202Z-debug-0.log
PASS src/lib/rle.test.ts
  RLE
    packBits
      ✓ Normaly (2 ms)
    packICNS
      ✓ Normaly
    unpackBits
      ✓ Normaly
    _packBitsLiteralToResult
      ✓ Normaly
      ✓ Empty (1 ms)

PASS src/lib/png.test.ts
  PNG
    generatePNG
      ✓ Generate (14 ms)
    filterImagesBySizes
      ✓ ICO
      ✓ ICNS
      ✓ Favicon

PASS src/bin/cli.test.ts
  CLI
    parseArgv
      input
        ✓ --input (4 ms)
        ✓ -i (1 ms)
      output
        ✓ --output
        ✓ -o (1 ms)
      icon
        ✓ Defaults
      icon.ico
        ✓ --ico (1 ms)
        ✓ --ico-name
        ✓ --ico-sizes (1 ms)
      icon.icns
        ✓ --icns
        ✓ --icns-name
        ✓ --icns-sizes (1 ms)
      icon.favicon
        ✓ --favicon
        ✓ --favicon-name (1 ms)
        ✓ --favicon-png-sizes
        ✓ --favicon-ico-sizes (1 ms)

PASS src/lib/ico.test.ts
  ICO
    ✓ generateICO (52 ms)

PASS src/lib/favicon.test.ts
  Favicon
    ✓ generateFavicon (37 ms)
    ✓ generatePNG (4 ms)

PASS src/lib/icns.test.ts
  ICNS
    ✓ generateICNS (16 ms)

Test Suites: 6 passed, 6 total
Tests:       28 passed, 28 total
Snapshots:   0 total
Time:        3.757 s, estimated 4 s
Ran all test suites.
npm ERR! code 1
npm ERR! path /data/js-variants/multee/Variants/sharp/variant4/sharp
npm ERR! command failed
npm ERR! command sh -c /tmp/install-1660059013100.sh
npm ERR! sharp: Using existing vendored libvips v8.12.2
npm ERR! make: Entering directory '/data/js-variants/multee/Variants/sharp/variant4/sharp/build'
npm ERR!   TOUCH Release/obj.target/libvips-cpp.stamp
npm ERR!   CC(target) Release/obj.target/nothing/node_modules/node-addon-api/nothing.o
npm ERR!   AR(target) Release/obj.target/node_modules/node-addon-api/nothing.a
npm ERR!   COPY Release/nothing.a
npm ERR!   CXX(target) Release/obj.target/sharp-linux-x64/src/common.o
npm ERR! make: Leaving directory '/data/js-variants/multee/Variants/sharp/variant4/sharp/build'
npm ERR! prebuild-install warn install EACCES: permission denied, access '/root/.npm'
npm ERR! gyp info it worked if it ends with ok
npm ERR! gyp info using node-gyp@6.1.0
npm ERR! gyp info using node@18.3.0 | linux | x64
npm ERR! gyp info find Python using Python version 3.10.5 found at "/usr/bin/python3"
npm ERR! gyp WARN EACCES current user ("liu-yuxin") does not have permission to access the dev dir "/root/.cache/node-gyp/18.3.0"
npm ERR! gyp WARN EACCES attempting to reinstall using temporary dev dir "/tmp/.node-gyp"
npm ERR! (node:277189) [DEP0150] DeprecationWarning: Setting process.config is deprecated. In the future the property will be read-only.
npm ERR! (Use `node --trace-deprecation ...` to show where the warning was created)
npm ERR! gyp info spawn /usr/bin/python3
npm ERR! gyp info spawn args [
npm ERR! gyp info spawn args   '/data/js-variants/multee/Variants/sharp/variant4/sharp/node_modules/node-gyp/gyp/gyp_main.py',
npm ERR! gyp info spawn args   'binding.gyp',
npm ERR! gyp info spawn args   '-f',
npm ERR! gyp info spawn args   'make',
npm ERR! gyp info spawn args   '-I',
npm ERR! gyp info spawn args   '/data/js-variants/multee/Variants/sharp/variant4/sharp/build/config.gypi',
npm ERR! gyp info spawn args   '-I',
npm ERR! gyp info spawn args   '/data/js-variants/multee/Variants/sharp/variant4/sharp/node_modules/node-gyp/addon.gypi',
npm ERR! gyp info spawn args   '-I',
npm ERR! gyp info spawn args   '/tmp/.node-gyp/18.3.0/include/node/common.gypi',
npm ERR! gyp info spawn args   '-Dlibrary=shared_library',
npm ERR! gyp info spawn args   '-Dvisibility=default',
npm ERR! gyp info spawn args   '-Dnode_root_dir=/tmp/.node-gyp/18.3.0',
npm ERR! gyp info spawn args   '-Dnode_gyp_dir=/data/js-variants/multee/Variants/sharp/variant4/sharp/node_modules/node-gyp',
npm ERR! gyp info spawn args   '-Dnode_lib_file=/tmp/.node-gyp/18.3.0/<(target_arch)/node.lib',
npm ERR! gyp info spawn args   '-Dmodule_root_dir=/data/js-variants/multee/Variants/sharp/variant4/sharp',
npm ERR! gyp info spawn args   '-Dnode_engine=v8',
npm ERR! gyp info spawn args   '--depth=.',
npm ERR! gyp info spawn args   '--no-parallel',
npm ERR! gyp info spawn args   '--generator-output',
npm ERR! gyp info spawn args   'build',
npm ERR! gyp info spawn args   '-Goutput_dir=.'
npm ERR! gyp info spawn args ]
npm ERR! gyp info spawn make
npm ERR! gyp info spawn args [ 'BUILDTYPE=Release', '-C', 'build' ]
npm ERR! ../src/common.cc:24:10: fatal error: vips/vips8: No such file or directory
npm ERR!    24 | #include <vips/vips8>
npm ERR!       |          ^~~~~~~~~~~~
npm ERR! compilation terminated.
npm ERR! make: *** [sharp-linux-x64.target.mk:139: Release/obj.target/sharp-linux-x64/src/common.o] Error 1
npm ERR! gyp ERR! build error 
npm ERR! gyp ERR! stack Error: `make` failed with exit code: 2
npm ERR! gyp ERR! stack     at ChildProcess.onExit (/data/js-variants/multee/Variants/sharp/variant4/sharp/node_modules/node-gyp/lib/build.js:194:23)
npm ERR! gyp ERR! stack     at ChildProcess.emit (node:events:527:28)
npm ERR! gyp ERR! stack     at ChildProcess._handle.onexit (node:internal/child_process:291:12)
npm ERR! gyp ERR! System Linux 5.13.0-1031-azure
npm ERR! gyp ERR! command "/usr/local/bin/node" "/data/js-variants/multee/Variants/sharp/variant4/sharp/node_modules/.bin/node-gyp" "rebuild"
npm ERR! gyp ERR! cwd /data/js-variants/multee/Variants/sharp/variant4/sharp
npm ERR! gyp ERR! node -v v18.3.0
npm ERR! gyp ERR! node-gyp -v v6.1.0
npm ERR! gyp ERR! not ok

npm ERR! A complete log of this run can be found in:
npm ERR!     /root/.npm/_logs/2022-08-09T15_30_12_906Z-debug-0.log
PASS src/lib/rle.test.ts
  RLE
    packBits
      ✓ Normaly (2 ms)
    packICNS
      ✓ Normaly
    unpackBits
      ✓ Normaly
    _packBitsLiteralToResult
      ✓ Normaly
      ✓ Empty (1 ms)

PASS src/lib/png.test.ts
  PNG
    generatePNG
      ✓ Generate (14 ms)
    filterImagesBySizes
      ✓ ICO
      ✓ ICNS
      ✓ Favicon

PASS src/bin/cli.test.ts
  CLI
    parseArgv
      input
        ✓ --input (3 ms)
        ✓ -i
      output
        ✓ --output
        ✓ -o
      icon
        ✓ Defaults
      icon.ico
        ✓ --ico
        ✓ --ico-name
        ✓ --ico-sizes
      icon.icns
        ✓ --icns
        ✓ --icns-name (1 ms)
        ✓ --icns-sizes
      icon.favicon
        ✓ --favicon (1 ms)
        ✓ --favicon-name
        ✓ --favicon-png-sizes (1 ms)
        ✓ --favicon-ico-sizes

PASS src/lib/ico.test.ts
  ICO
    ✓ generateICO (53 ms)

PASS src/lib/favicon.test.ts
  Favicon
    ✓ generateFavicon (43 ms)
    ✓ generatePNG (5 ms)

PASS src/lib/icns.test.ts
  ICNS
    ✓ generateICNS (16 ms)

Test Suites: 6 passed, 6 total
Tests:       28 passed, 28 total
Snapshots:   0 total
Time:        3.713 s, estimated 4 s
Ran all test suites.
npm ERR! code 1
npm ERR! path /data/js-variants/multee/Variants/sharp/variant3/sharp
npm ERR! command failed
npm ERR! command sh -c /tmp/install-1660059026687.sh
npm ERR! sharp: Using existing vendored libvips v8.12.2
npm ERR! make: Entering directory '/data/js-variants/multee/Variants/sharp/variant3/sharp/build'
npm ERR!   TOUCH Release/obj.target/libvips-cpp.stamp
npm ERR!   CC(target) Release/obj.target/nothing/node_modules/node-addon-api/nothing.o
npm ERR!   AR(target) Release/obj.target/node_modules/node-addon-api/nothing.a
npm ERR!   COPY Release/nothing.a
npm ERR!   CXX(target) Release/obj.target/sharp-linux-x64/src/common.o
npm ERR! make: Leaving directory '/data/js-variants/multee/Variants/sharp/variant3/sharp/build'
npm ERR! prebuild-install warn install EACCES: permission denied, access '/root/.npm'
npm ERR! gyp info it worked if it ends with ok
npm ERR! gyp info using node-gyp@6.1.0
npm ERR! gyp info using node@18.3.0 | linux | x64
npm ERR! gyp info find Python using Python version 3.10.5 found at "/usr/bin/python3"
npm ERR! gyp WARN EACCES current user ("liu-yuxin") does not have permission to access the dev dir "/root/.cache/node-gyp/18.3.0"
npm ERR! gyp WARN EACCES attempting to reinstall using temporary dev dir "/tmp/.node-gyp"
npm ERR! (node:277610) [DEP0150] DeprecationWarning: Setting process.config is deprecated. In the future the property will be read-only.
npm ERR! (Use `node --trace-deprecation ...` to show where the warning was created)
npm ERR! gyp info spawn /usr/bin/python3
npm ERR! gyp info spawn args [
npm ERR! gyp info spawn args   '/data/js-variants/multee/Variants/sharp/variant3/sharp/node_modules/node-gyp/gyp/gyp_main.py',
npm ERR! gyp info spawn args   'binding.gyp',
npm ERR! gyp info spawn args   '-f',
npm ERR! gyp info spawn args   'make',
npm ERR! gyp info spawn args   '-I',
npm ERR! gyp info spawn args   '/data/js-variants/multee/Variants/sharp/variant3/sharp/build/config.gypi',
npm ERR! gyp info spawn args   '-I',
npm ERR! gyp info spawn args   '/data/js-variants/multee/Variants/sharp/variant3/sharp/node_modules/node-gyp/addon.gypi',
npm ERR! gyp info spawn args   '-I',
npm ERR! gyp info spawn args   '/tmp/.node-gyp/18.3.0/include/node/common.gypi',
npm ERR! gyp info spawn args   '-Dlibrary=shared_library',
npm ERR! gyp info spawn args   '-Dvisibility=default',
npm ERR! gyp info spawn args   '-Dnode_root_dir=/tmp/.node-gyp/18.3.0',
npm ERR! gyp info spawn args   '-Dnode_gyp_dir=/data/js-variants/multee/Variants/sharp/variant3/sharp/node_modules/node-gyp',
npm ERR! gyp info spawn args   '-Dnode_lib_file=/tmp/.node-gyp/18.3.0/<(target_arch)/node.lib',
npm ERR! gyp info spawn args   '-Dmodule_root_dir=/data/js-variants/multee/Variants/sharp/variant3/sharp',
npm ERR! gyp info spawn args   '-Dnode_engine=v8',
npm ERR! gyp info spawn args   '--depth=.',
npm ERR! gyp info spawn args   '--no-parallel',
npm ERR! gyp info spawn args   '--generator-output',
npm ERR! gyp info spawn args   'build',
npm ERR! gyp info spawn args   '-Goutput_dir=.'
npm ERR! gyp info spawn args ]
npm ERR! gyp info spawn make
npm ERR! gyp info spawn args [ 'BUILDTYPE=Release', '-C', 'build' ]
npm ERR! ../src/common.cc:24:10: fatal error: vips/vips8: No such file or directory
npm ERR!    24 | #include <vips/vips8>
npm ERR!       |          ^~~~~~~~~~~~
npm ERR! compilation terminated.
npm ERR! make: *** [sharp-linux-x64.target.mk:139: Release/obj.target/sharp-linux-x64/src/common.o] Error 1
npm ERR! gyp ERR! build error 
npm ERR! gyp ERR! stack Error: `make` failed with exit code: 2
npm ERR! gyp ERR! stack     at ChildProcess.onExit (/data/js-variants/multee/Variants/sharp/variant3/sharp/node_modules/node-gyp/lib/build.js:194:23)
npm ERR! gyp ERR! stack     at ChildProcess.emit (node:events:527:28)
npm ERR! gyp ERR! stack     at ChildProcess._handle.onexit (node:internal/child_process:291:12)
npm ERR! gyp ERR! System Linux 5.13.0-1031-azure
npm ERR! gyp ERR! command "/usr/local/bin/node" "/data/js-variants/multee/Variants/sharp/variant3/sharp/node_modules/.bin/node-gyp" "rebuild"
npm ERR! gyp ERR! cwd /data/js-variants/multee/Variants/sharp/variant3/sharp
npm ERR! gyp ERR! node -v v18.3.0
npm ERR! gyp ERR! node-gyp -v v6.1.0
npm ERR! gyp ERR! not ok

npm ERR! A complete log of this run can be found in:
npm ERR!     /root/.npm/_logs/2022-08-09T15_30_26_504Z-debug-0.log
PASS src/lib/rle.test.ts
  RLE
    packBits
      ✓ Normaly (1 ms)
    packICNS
      ✓ Normaly (1 ms)
    unpackBits
      ✓ Normaly
    _packBitsLiteralToResult
      ✓ Normaly
      ✓ Empty

PASS src/lib/png.test.ts
  PNG
    generatePNG
      ✓ Generate (14 ms)
    filterImagesBySizes
      ✓ ICO
      ✓ ICNS
      ✓ Favicon

PASS src/bin/cli.test.ts
  CLI
    parseArgv
      input
        ✓ --input (4 ms)
        ✓ -i (1 ms)
      output
        ✓ --output
        ✓ -o (1 ms)
      icon
        ✓ Defaults
      icon.ico
        ✓ --ico
        ✓ --ico-name
        ✓ --ico-sizes (1 ms)
      icon.icns
        ✓ --icns
        ✓ --icns-name
        ✓ --icns-sizes (1 ms)
      icon.favicon
        ✓ --favicon
        ✓ --favicon-name (1 ms)
        ✓ --favicon-png-sizes
        ✓ --favicon-ico-sizes (1 ms)

PASS src/lib/ico.test.ts
  ICO
    ✓ generateICO (53 ms)

PASS src/lib/favicon.test.ts
  Favicon
    ✓ generateFavicon (37 ms)
    ✓ generatePNG (4 ms)

PASS src/lib/icns.test.ts
  ICNS
    ✓ generateICNS (12 ms)

Test Suites: 6 passed, 6 total
Tests:       28 passed, 28 total
Snapshots:   0 total
Time:        3.779 s, estimated 4 s
Ran all test suites.
npm ERR! code 1
npm ERR! path /data/js-variants/multee/Variants/sharp/variant2/sharp
npm ERR! command failed
npm ERR! command sh -c /tmp/install-1660059040360.sh
npm ERR! sharp: Using existing vendored libvips v8.12.2
npm ERR! make: Entering directory '/data/js-variants/multee/Variants/sharp/variant2/sharp/build'
npm ERR!   TOUCH Release/obj.target/libvips-cpp.stamp
npm ERR!   CC(target) Release/obj.target/nothing/node_modules/node-addon-api/nothing.o
npm ERR!   AR(target) Release/obj.target/node_modules/node-addon-api/nothing.a
npm ERR!   COPY Release/nothing.a
npm ERR!   CXX(target) Release/obj.target/sharp-linux-x64/src/common.o
npm ERR! make: Leaving directory '/data/js-variants/multee/Variants/sharp/variant2/sharp/build'
npm ERR! prebuild-install warn install EACCES: permission denied, access '/root/.npm'
npm ERR! gyp info it worked if it ends with ok
npm ERR! gyp info using node-gyp@6.1.0
npm ERR! gyp info using node@18.3.0 | linux | x64
npm ERR! gyp info find Python using Python version 3.10.5 found at "/usr/bin/python3"
npm ERR! gyp WARN EACCES current user ("liu-yuxin") does not have permission to access the dev dir "/root/.cache/node-gyp/18.3.0"
npm ERR! gyp WARN EACCES attempting to reinstall using temporary dev dir "/tmp/.node-gyp"
npm ERR! (node:278034) [DEP0150] DeprecationWarning: Setting process.config is deprecated. In the future the property will be read-only.
npm ERR! (Use `node --trace-deprecation ...` to show where the warning was created)
npm ERR! gyp info spawn /usr/bin/python3
npm ERR! gyp info spawn args [
npm ERR! gyp info spawn args   '/data/js-variants/multee/Variants/sharp/variant2/sharp/node_modules/node-gyp/gyp/gyp_main.py',
npm ERR! gyp info spawn args   'binding.gyp',
npm ERR! gyp info spawn args   '-f',
npm ERR! gyp info spawn args   'make',
npm ERR! gyp info spawn args   '-I',
npm ERR! gyp info spawn args   '/data/js-variants/multee/Variants/sharp/variant2/sharp/build/config.gypi',
npm ERR! gyp info spawn args   '-I',
npm ERR! gyp info spawn args   '/data/js-variants/multee/Variants/sharp/variant2/sharp/node_modules/node-gyp/addon.gypi',
npm ERR! gyp info spawn args   '-I',
npm ERR! gyp info spawn args   '/tmp/.node-gyp/18.3.0/include/node/common.gypi',
npm ERR! gyp info spawn args   '-Dlibrary=shared_library',
npm ERR! gyp info spawn args   '-Dvisibility=default',
npm ERR! gyp info spawn args   '-Dnode_root_dir=/tmp/.node-gyp/18.3.0',
npm ERR! gyp info spawn args   '-Dnode_gyp_dir=/data/js-variants/multee/Variants/sharp/variant2/sharp/node_modules/node-gyp',
npm ERR! gyp info spawn args   '-Dnode_lib_file=/tmp/.node-gyp/18.3.0/<(target_arch)/node.lib',
npm ERR! gyp info spawn args   '-Dmodule_root_dir=/data/js-variants/multee/Variants/sharp/variant2/sharp',
npm ERR! gyp info spawn args   '-Dnode_engine=v8',
npm ERR! gyp info spawn args   '--depth=.',
npm ERR! gyp info spawn args   '--no-parallel',
npm ERR! gyp info spawn args   '--generator-output',
npm ERR! gyp info spawn args   'build',
npm ERR! gyp info spawn args   '-Goutput_dir=.'
npm ERR! gyp info spawn args ]
npm ERR! gyp info spawn make
npm ERR! gyp info spawn args [ 'BUILDTYPE=Release', '-C', 'build' ]
npm ERR! ../src/common.cc:24:10: fatal error: vips/vips8: No such file or directory
npm ERR!    24 | #include <vips/vips8>
npm ERR!       |          ^~~~~~~~~~~~
npm ERR! compilation terminated.
npm ERR! make: *** [sharp-linux-x64.target.mk:139: Release/obj.target/sharp-linux-x64/src/common.o] Error 1
npm ERR! gyp ERR! build error 
npm ERR! gyp ERR! stack Error: `make` failed with exit code: 2
npm ERR! gyp ERR! stack     at ChildProcess.onExit (/data/js-variants/multee/Variants/sharp/variant2/sharp/node_modules/node-gyp/lib/build.js:194:23)
npm ERR! gyp ERR! stack     at ChildProcess.emit (node:events:527:28)
npm ERR! gyp ERR! stack     at ChildProcess._handle.onexit (node:internal/child_process:291:12)
npm ERR! gyp ERR! System Linux 5.13.0-1031-azure
npm ERR! gyp ERR! command "/usr/local/bin/node" "/data/js-variants/multee/Variants/sharp/variant2/sharp/node_modules/.bin/node-gyp" "rebuild"
npm ERR! gyp ERR! cwd /data/js-variants/multee/Variants/sharp/variant2/sharp
npm ERR! gyp ERR! node -v v18.3.0
npm ERR! gyp ERR! node-gyp -v v6.1.0
npm ERR! gyp ERR! not ok

npm ERR! A complete log of this run can be found in:
npm ERR!     /root/.npm/_logs/2022-08-09T15_30_40_170Z-debug-0.log
PASS src/lib/rle.test.ts
  RLE
    packBits
      ✓ Normaly (2 ms)
    packICNS
      ✓ Normaly
    unpackBits
      ✓ Normaly
    _packBitsLiteralToResult
      ✓ Normaly
      ✓ Empty

PASS src/lib/png.test.ts
  PNG
    generatePNG
      ✓ Generate (15 ms)
    filterImagesBySizes
      ✓ ICO (1 ms)
      ✓ ICNS
      ✓ Favicon

PASS src/bin/cli.test.ts
  CLI
    parseArgv
      input
        ✓ --input (4 ms)
        ✓ -i (1 ms)
      output
        ✓ --output
        ✓ -o (1 ms)
      icon
        ✓ Defaults
      icon.ico
        ✓ --ico (1 ms)
        ✓ --ico-name
        ✓ --ico-sizes (1 ms)
      icon.icns
        ✓ --icns
        ✓ --icns-name (1 ms)
        ✓ --icns-sizes
      icon.favicon
        ✓ --favicon
        ✓ --favicon-name
        ✓ --favicon-png-sizes
        ✓ --favicon-ico-sizes

PASS src/lib/ico.test.ts
  ICO
    ✓ generateICO (53 ms)

PASS src/lib/favicon.test.ts
  Favicon
    ✓ generateFavicon (37 ms)
    ✓ generatePNG (4 ms)

PASS src/lib/icns.test.ts
  ICNS
    ✓ generateICNS (39 ms)

Test Suites: 6 passed, 6 total
Tests:       28 passed, 28 total
Snapshots:   0 total
Time:        3.783 s, estimated 4 s
Ran all test suites.
npm ERR! code 1
npm ERR! path /data/js-variants/multee/Variants/sharp/variant1/sharp
npm ERR! command failed
npm ERR! command sh -c /tmp/install-1660059053938.sh
npm ERR! sharp: Using existing vendored libvips v8.12.2
npm ERR! make: Entering directory '/data/js-variants/multee/Variants/sharp/variant1/sharp/build'
npm ERR!   TOUCH Release/obj.target/libvips-cpp.stamp
npm ERR!   CC(target) Release/obj.target/nothing/node_modules/node-addon-api/nothing.o
npm ERR!   AR(target) Release/obj.target/node_modules/node-addon-api/nothing.a
npm ERR!   COPY Release/nothing.a
npm ERR!   CXX(target) Release/obj.target/sharp-linux-x64/src/common.o
npm ERR! make: Leaving directory '/data/js-variants/multee/Variants/sharp/variant1/sharp/build'
npm ERR! prebuild-install warn install EACCES: permission denied, access '/root/.npm'
npm ERR! gyp info it worked if it ends with ok
npm ERR! gyp info using node-gyp@6.1.0
npm ERR! gyp info using node@18.3.0 | linux | x64
npm ERR! gyp info find Python using Python version 3.10.5 found at "/usr/bin/python3"
npm ERR! gyp WARN EACCES current user ("liu-yuxin") does not have permission to access the dev dir "/root/.cache/node-gyp/18.3.0"
npm ERR! gyp WARN EACCES attempting to reinstall using temporary dev dir "/tmp/.node-gyp"
npm ERR! (node:278458) [DEP0150] DeprecationWarning: Setting process.config is deprecated. In the future the property will be read-only.
npm ERR! (Use `node --trace-deprecation ...` to show where the warning was created)
npm ERR! gyp info spawn /usr/bin/python3
npm ERR! gyp info spawn args [
npm ERR! gyp info spawn args   '/data/js-variants/multee/Variants/sharp/variant1/sharp/node_modules/node-gyp/gyp/gyp_main.py',
npm ERR! gyp info spawn args   'binding.gyp',
npm ERR! gyp info spawn args   '-f',
npm ERR! gyp info spawn args   'make',
npm ERR! gyp info spawn args   '-I',
npm ERR! gyp info spawn args   '/data/js-variants/multee/Variants/sharp/variant1/sharp/build/config.gypi',
npm ERR! gyp info spawn args   '-I',
npm ERR! gyp info spawn args   '/data/js-variants/multee/Variants/sharp/variant1/sharp/node_modules/node-gyp/addon.gypi',
npm ERR! gyp info spawn args   '-I',
npm ERR! gyp info spawn args   '/tmp/.node-gyp/18.3.0/include/node/common.gypi',
npm ERR! gyp info spawn args   '-Dlibrary=shared_library',
npm ERR! gyp info spawn args   '-Dvisibility=default',
npm ERR! gyp info spawn args   '-Dnode_root_dir=/tmp/.node-gyp/18.3.0',
npm ERR! gyp info spawn args   '-Dnode_gyp_dir=/data/js-variants/multee/Variants/sharp/variant1/sharp/node_modules/node-gyp',
npm ERR! gyp info spawn args   '-Dnode_lib_file=/tmp/.node-gyp/18.3.0/<(target_arch)/node.lib',
npm ERR! gyp info spawn args   '-Dmodule_root_dir=/data/js-variants/multee/Variants/sharp/variant1/sharp',
npm ERR! gyp info spawn args   '-Dnode_engine=v8',
npm ERR! gyp info spawn args   '--depth=.',
npm ERR! gyp info spawn args   '--no-parallel',
npm ERR! gyp info spawn args   '--generator-output',
npm ERR! gyp info spawn args   'build',
npm ERR! gyp info spawn args   '-Goutput_dir=.'
npm ERR! gyp info spawn args ]
npm ERR! gyp info spawn make
npm ERR! gyp info spawn args [ 'BUILDTYPE=Release', '-C', 'build' ]
npm ERR! ../src/common.cc:24:10: fatal error: vips/vips8: No such file or directory
npm ERR!    24 | #include <vips/vips8>
npm ERR!       |          ^~~~~~~~~~~~
npm ERR! compilation terminated.
npm ERR! make: *** [sharp-linux-x64.target.mk:139: Release/obj.target/sharp-linux-x64/src/common.o] Error 1
npm ERR! gyp ERR! build error 
npm ERR! gyp ERR! stack Error: `make` failed with exit code: 2
npm ERR! gyp ERR! stack     at ChildProcess.onExit (/data/js-variants/multee/Variants/sharp/variant1/sharp/node_modules/node-gyp/lib/build.js:194:23)
npm ERR! gyp ERR! stack     at ChildProcess.emit (node:events:527:28)
npm ERR! gyp ERR! stack     at ChildProcess._handle.onexit (node:internal/child_process:291:12)
npm ERR! gyp ERR! System Linux 5.13.0-1031-azure
npm ERR! gyp ERR! command "/usr/local/bin/node" "/data/js-variants/multee/Variants/sharp/variant1/sharp/node_modules/.bin/node-gyp" "rebuild"
npm ERR! gyp ERR! cwd /data/js-variants/multee/Variants/sharp/variant1/sharp
npm ERR! gyp ERR! node -v v18.3.0
npm ERR! gyp ERR! node-gyp -v v6.1.0
npm ERR! gyp ERR! not ok

npm ERR! A complete log of this run can be found in:
npm ERR!     /root/.npm/_logs/2022-08-09T15_30_53_755Z-debug-0.log
PASS src/lib/rle.test.ts
  RLE
    packBits
      ✓ Normaly (1 ms)
    packICNS
      ✓ Normaly
    unpackBits
      ✓ Normaly (1 ms)
    _packBitsLiteralToResult
      ✓ Normaly
      ✓ Empty (1 ms)

PASS src/lib/png.test.ts
  PNG
    generatePNG
      ✓ Generate (14 ms)
    filterImagesBySizes
      ✓ ICO
      ✓ ICNS (1 ms)
      ✓ Favicon

PASS src/lib/icns.test.ts
  ICNS
    ✓ generateICNS (13 ms)

PASS src/bin/cli.test.ts
  CLI
    parseArgv
      input
        ✓ --input (3 ms)
        ✓ -i
      output
        ✓ --output
        ✓ -o
      icon
        ✓ Defaults
      icon.ico
        ✓ --ico
        ✓ --ico-name (1 ms)
        ✓ --ico-sizes
      icon.icns
        ✓ --icns
        ✓ --icns-name (1 ms)
        ✓ --icns-sizes
      icon.favicon
        ✓ --favicon (1 ms)
        ✓ --favicon-name
        ✓ --favicon-png-sizes (1 ms)
        ✓ --favicon-ico-sizes

PASS src/lib/ico.test.ts
  ICO
    ✓ generateICO (52 ms)

PASS src/lib/favicon.test.ts
  Favicon
    ✓ generateFavicon (49 ms)
    ✓ generatePNG (4 ms)

Test Suites: 6 passed, 6 total
Tests:       28 passed, 28 total
Snapshots:   0 total
Time:        3.711 s, estimated 4 s
Ran all test suites.
3
npm ERR! code 1
npm ERR! path /data/js-variants/multee/VariantsDeps/sharp/variant3/sharp
npm ERR! command failed
npm ERR! command sh -c /tmp/install-1660058564112.sh
npm ERR! sharp: Using existing vendored libvips v8.12.2
npm ERR! make: Entering directory '/data/js-variants/multee/VariantsDeps/sharp/variant3/sharp/build'
npm ERR!   TOUCH Release/obj.target/libvips-cpp.stamp
npm ERR!   CC(target) Release/obj.target/nothing/node_modules/node-addon-api/nothing.o
npm ERR!   AR(target) Release/obj.target/node_modules/node-addon-api/nothing.a
npm ERR!   COPY Release/nothing.a
npm ERR!   CXX(target) Release/obj.target/sharp-linux-x64/src/common.o
npm ERR! make: Leaving directory '/data/js-variants/multee/VariantsDeps/sharp/variant3/sharp/build'
npm ERR! prebuild-install warn install EACCES: permission denied, access '/root/.npm'
npm ERR! gyp info it worked if it ends with ok
npm ERR! gyp info using node-gyp@6.1.0
npm ERR! gyp info using node@18.3.0 | linux | x64
npm ERR! gyp info find Python using Python version 3.10.5 found at "/usr/bin/python3"
npm ERR! gyp WARN EACCES current user ("liu-yuxin") does not have permission to access the dev dir "/root/.cache/node-gyp/18.3.0"
npm ERR! gyp WARN EACCES attempting to reinstall using temporary dev dir "/tmp/.node-gyp"
npm ERR! (node:270067) [DEP0150] DeprecationWarning: Setting process.config is deprecated. In the future the property will be read-only.
npm ERR! (Use `node --trace-deprecation ...` to show where the warning was created)
npm ERR! gyp info spawn /usr/bin/python3
npm ERR! gyp info spawn args [
npm ERR! gyp info spawn args   '/data/js-variants/multee/VariantsDeps/sharp/variant3/sharp/node_modules/node-gyp/gyp/gyp_main.py',
npm ERR! gyp info spawn args   'binding.gyp',
npm ERR! gyp info spawn args   '-f',
npm ERR! gyp info spawn args   'make',
npm ERR! gyp info spawn args   '-I',
npm ERR! gyp info spawn args   '/data/js-variants/multee/VariantsDeps/sharp/variant3/sharp/build/config.gypi',
npm ERR! gyp info spawn args   '-I',
npm ERR! gyp info spawn args   '/data/js-variants/multee/VariantsDeps/sharp/variant3/sharp/node_modules/node-gyp/addon.gypi',
npm ERR! gyp info spawn args   '-I',
npm ERR! gyp info spawn args   '/tmp/.node-gyp/18.3.0/include/node/common.gypi',
npm ERR! gyp info spawn args   '-Dlibrary=shared_library',
npm ERR! gyp info spawn args   '-Dvisibility=default',
npm ERR! gyp info spawn args   '-Dnode_root_dir=/tmp/.node-gyp/18.3.0',
npm ERR! gyp info spawn args   '-Dnode_gyp_dir=/data/js-variants/multee/VariantsDeps/sharp/variant3/sharp/node_modules/node-gyp',
npm ERR! gyp info spawn args   '-Dnode_lib_file=/tmp/.node-gyp/18.3.0/<(target_arch)/node.lib',
npm ERR! gyp info spawn args   '-Dmodule_root_dir=/data/js-variants/multee/VariantsDeps/sharp/variant3/sharp',
npm ERR! gyp info spawn args   '-Dnode_engine=v8',
npm ERR! gyp info spawn args   '--depth=.',
npm ERR! gyp info spawn args   '--no-parallel',
npm ERR! gyp info spawn args   '--generator-output',
npm ERR! gyp info spawn args   'build',
npm ERR! gyp info spawn args   '-Goutput_dir=.'
npm ERR! gyp info spawn args ]
npm ERR! gyp info spawn make
npm ERR! gyp info spawn args [ 'BUILDTYPE=Release', '-C', 'build' ]
npm ERR! ../src/common.cc:24:10: fatal error: vips/vips8: No such file or directory
npm ERR!    24 | #include <vips/vips8>
npm ERR!       |          ^~~~~~~~~~~~
npm ERR! compilation terminated.
npm ERR! make: *** [sharp-linux-x64.target.mk:139: Release/obj.target/sharp-linux-x64/src/common.o] Error 1
npm ERR! gyp ERR! build error 
npm ERR! gyp ERR! stack Error: `make` failed with exit code: 2
npm ERR! gyp ERR! stack     at ChildProcess.onExit (/data/js-variants/multee/VariantsDeps/sharp/variant3/sharp/node_modules/node-gyp/lib/build.js:194:23)
npm ERR! gyp ERR! stack     at ChildProcess.emit (node:events:527:28)
npm ERR! gyp ERR! stack     at ChildProcess._handle.onexit (node:internal/child_process:291:12)
npm ERR! gyp ERR! System Linux 5.13.0-1031-azure
npm ERR! gyp ERR! command "/usr/local/bin/node" "/data/js-variants/multee/VariantsDeps/sharp/variant3/sharp/node_modules/.bin/node-gyp" "rebuild"
npm ERR! gyp ERR! cwd /data/js-variants/multee/VariantsDeps/sharp/variant3/sharp
npm ERR! gyp ERR! node -v v18.3.0
npm ERR! gyp ERR! node-gyp -v v6.1.0
npm ERR! gyp ERR! not ok

npm ERR! A complete log of this run can be found in:
npm ERR!     /root/.npm/_logs/2022-08-09T15_22_43_923Z-debug-0.log
PASS src/lib/rle.test.ts
  RLE
    packBits
      ✓ Normaly (2 ms)
    packICNS
      ✓ Normaly (1 ms)
    unpackBits
      ✓ Normaly (1 ms)
    _packBitsLiteralToResult
      ✓ Normaly
      ✓ Empty

PASS src/lib/png.test.ts
  PNG
    generatePNG
      ✓ Generate (15 ms)
    filterImagesBySizes
      ✓ ICO (1 ms)
      ✓ ICNS
      ✓ Favicon

PASS src/bin/cli.test.ts
  CLI
    parseArgv
      input
        ✓ --input (3 ms)
        ✓ -i (1 ms)
      output
        ✓ --output
        ✓ -o (1 ms)
      icon
        ✓ Defaults
      icon.ico
        ✓ --ico
        ✓ --ico-name
        ✓ --ico-sizes (1 ms)
      icon.icns
        ✓ --icns
        ✓ --icns-name
        ✓ --icns-sizes (1 ms)
      icon.favicon
        ✓ --favicon
        ✓ --favicon-name (1 ms)
        ✓ --favicon-png-sizes
        ✓ --favicon-ico-sizes (1 ms)

PASS src/lib/ico.test.ts
  ICO
    ✓ generateICO (53 ms)

PASS src/lib/favicon.test.ts
  Favicon
    ✓ generateFavicon (37 ms)
    ✓ generatePNG (5 ms)

PASS src/lib/icns.test.ts
  ICNS
    ✓ generateICNS (15 ms)

Test Suites: 6 passed, 6 total
Tests:       28 passed, 28 total
Snapshots:   0 total
Time:        3.734 s, estimated 4 s
Ran all test suites.
npm ERR! code 1
npm ERR! path /data/js-variants/multee/VariantsDeps/sharp/variant2/sharp
npm ERR! command failed
npm ERR! command sh -c /tmp/install-1660058577799.sh
npm ERR! sharp: Using existing vendored libvips v8.12.2
npm ERR! make: Entering directory '/data/js-variants/multee/VariantsDeps/sharp/variant2/sharp/build'
npm ERR!   TOUCH Release/obj.target/libvips-cpp.stamp
npm ERR!   CC(target) Release/obj.target/nothing/node_modules/node-addon-api/nothing.o
npm ERR!   AR(target) Release/obj.target/node_modules/node-addon-api/nothing.a
npm ERR!   COPY Release/nothing.a
npm ERR!   CXX(target) Release/obj.target/sharp-linux-x64/src/common.o
npm ERR! make: Leaving directory '/data/js-variants/multee/VariantsDeps/sharp/variant2/sharp/build'
npm ERR! prebuild-install warn install EACCES: permission denied, access '/root/.npm'
npm ERR! gyp info it worked if it ends with ok
npm ERR! gyp info using node-gyp@6.1.0
npm ERR! gyp info using node@18.3.0 | linux | x64
npm ERR! gyp info find Python using Python version 3.10.5 found at "/usr/bin/python3"
npm ERR! gyp WARN EACCES current user ("liu-yuxin") does not have permission to access the dev dir "/root/.cache/node-gyp/18.3.0"
npm ERR! gyp WARN EACCES attempting to reinstall using temporary dev dir "/tmp/.node-gyp"
npm ERR! (node:270490) [DEP0150] DeprecationWarning: Setting process.config is deprecated. In the future the property will be read-only.
npm ERR! (Use `node --trace-deprecation ...` to show where the warning was created)
npm ERR! gyp info spawn /usr/bin/python3
npm ERR! gyp info spawn args [
npm ERR! gyp info spawn args   '/data/js-variants/multee/VariantsDeps/sharp/variant2/sharp/node_modules/node-gyp/gyp/gyp_main.py',
npm ERR! gyp info spawn args   'binding.gyp',
npm ERR! gyp info spawn args   '-f',
npm ERR! gyp info spawn args   'make',
npm ERR! gyp info spawn args   '-I',
npm ERR! gyp info spawn args   '/data/js-variants/multee/VariantsDeps/sharp/variant2/sharp/build/config.gypi',
npm ERR! gyp info spawn args   '-I',
npm ERR! gyp info spawn args   '/data/js-variants/multee/VariantsDeps/sharp/variant2/sharp/node_modules/node-gyp/addon.gypi',
npm ERR! gyp info spawn args   '-I',
npm ERR! gyp info spawn args   '/tmp/.node-gyp/18.3.0/include/node/common.gypi',
npm ERR! gyp info spawn args   '-Dlibrary=shared_library',
npm ERR! gyp info spawn args   '-Dvisibility=default',
npm ERR! gyp info spawn args   '-Dnode_root_dir=/tmp/.node-gyp/18.3.0',
npm ERR! gyp info spawn args   '-Dnode_gyp_dir=/data/js-variants/multee/VariantsDeps/sharp/variant2/sharp/node_modules/node-gyp',
npm ERR! gyp info spawn args   '-Dnode_lib_file=/tmp/.node-gyp/18.3.0/<(target_arch)/node.lib',
npm ERR! gyp info spawn args   '-Dmodule_root_dir=/data/js-variants/multee/VariantsDeps/sharp/variant2/sharp',
npm ERR! gyp info spawn args   '-Dnode_engine=v8',
npm ERR! gyp info spawn args   '--depth=.',
npm ERR! gyp info spawn args   '--no-parallel',
npm ERR! gyp info spawn args   '--generator-output',
npm ERR! gyp info spawn args   'build',
npm ERR! gyp info spawn args   '-Goutput_dir=.'
npm ERR! gyp info spawn args ]
npm ERR! gyp info spawn make
npm ERR! gyp info spawn args [ 'BUILDTYPE=Release', '-C', 'build' ]
npm ERR! ../src/common.cc:24:10: fatal error: vips/vips8: No such file or directory
npm ERR!    24 | #include <vips/vips8>
npm ERR!       |          ^~~~~~~~~~~~
npm ERR! compilation terminated.
npm ERR! make: *** [sharp-linux-x64.target.mk:139: Release/obj.target/sharp-linux-x64/src/common.o] Error 1
npm ERR! gyp ERR! build error 
npm ERR! gyp ERR! stack Error: `make` failed with exit code: 2
npm ERR! gyp ERR! stack     at ChildProcess.onExit (/data/js-variants/multee/VariantsDeps/sharp/variant2/sharp/node_modules/node-gyp/lib/build.js:194:23)
npm ERR! gyp ERR! stack     at ChildProcess.emit (node:events:527:28)
npm ERR! gyp ERR! stack     at ChildProcess._handle.onexit (node:internal/child_process:291:12)
npm ERR! gyp ERR! System Linux 5.13.0-1031-azure
npm ERR! gyp ERR! command "/usr/local/bin/node" "/data/js-variants/multee/VariantsDeps/sharp/variant2/sharp/node_modules/.bin/node-gyp" "rebuild"
npm ERR! gyp ERR! cwd /data/js-variants/multee/VariantsDeps/sharp/variant2/sharp
npm ERR! gyp ERR! node -v v18.3.0
npm ERR! gyp ERR! node-gyp -v v6.1.0
npm ERR! gyp ERR! not ok

npm ERR! A complete log of this run can be found in:
npm ERR!     /root/.npm/_logs/2022-08-09T15_22_57_613Z-debug-0.log
PASS src/lib/rle.test.ts
  RLE
    packBits
      ✓ Normaly (2 ms)
    packICNS
      ✓ Normaly
    unpackBits
      ✓ Normaly
    _packBitsLiteralToResult
      ✓ Normaly
      ✓ Empty

PASS src/lib/png.test.ts
  PNG
    generatePNG
      ✓ Generate (14 ms)
    filterImagesBySizes
      ✓ ICO
      ✓ ICNS
      ✓ Favicon (1 ms)

PASS src/bin/cli.test.ts
  CLI
    parseArgv
      input
        ✓ --input (3 ms)
        ✓ -i
      output
        ✓ --output
        ✓ -o
      icon
        ✓ Defaults
      icon.ico
        ✓ --ico
        ✓ --ico-name
        ✓ --ico-sizes
      icon.icns
        ✓ --icns
        ✓ --icns-name (1 ms)
        ✓ --icns-sizes
      icon.favicon
        ✓ --favicon (1 ms)
        ✓ --favicon-name
        ✓ --favicon-png-sizes (1 ms)
        ✓ --favicon-ico-sizes

PASS src/lib/ico.test.ts
  ICO
    ✓ generateICO (53 ms)

PASS src/lib/favicon.test.ts
  Favicon
    ✓ generateFavicon (37 ms)
    ✓ generatePNG (4 ms)

PASS src/lib/icns.test.ts
  ICNS
    ✓ generateICNS (16 ms)

Test Suites: 6 passed, 6 total
Tests:       28 passed, 28 total
Snapshots:   0 total
Time:        3.83 s, estimated 4 s
Ran all test suites.
npm ERR! code 1
npm ERR! path /data/js-variants/multee/VariantsDeps/sharp/variant1/sharp
npm ERR! command failed
npm ERR! command sh -c /tmp/install-1660058591674.sh
npm ERR! sharp: Using existing vendored libvips v8.12.2
npm ERR! make: Entering directory '/data/js-variants/multee/VariantsDeps/sharp/variant1/sharp/build'
npm ERR!   TOUCH Release/obj.target/libvips-cpp.stamp
npm ERR!   CC(target) Release/obj.target/nothing/node_modules/node-addon-api/nothing.o
npm ERR!   AR(target) Release/obj.target/node_modules/node-addon-api/nothing.a
npm ERR!   COPY Release/nothing.a
npm ERR!   CXX(target) Release/obj.target/sharp-linux-x64/src/common.o
npm ERR! make: Leaving directory '/data/js-variants/multee/VariantsDeps/sharp/variant1/sharp/build'
npm ERR! prebuild-install warn install EACCES: permission denied, access '/root/.npm'
npm ERR! gyp info it worked if it ends with ok
npm ERR! gyp info using node-gyp@6.1.0
npm ERR! gyp info using node@18.3.0 | linux | x64
npm ERR! gyp info find Python using Python version 3.10.5 found at "/usr/bin/python3"
npm ERR! gyp WARN EACCES current user ("liu-yuxin") does not have permission to access the dev dir "/root/.cache/node-gyp/18.3.0"
npm ERR! gyp WARN EACCES attempting to reinstall using temporary dev dir "/tmp/.node-gyp"
npm ERR! (node:270916) [DEP0150] DeprecationWarning: Setting process.config is deprecated. In the future the property will be read-only.
npm ERR! (Use `node --trace-deprecation ...` to show where the warning was created)
npm ERR! gyp info spawn /usr/bin/python3
npm ERR! gyp info spawn args [
npm ERR! gyp info spawn args   '/data/js-variants/multee/VariantsDeps/sharp/variant1/sharp/node_modules/node-gyp/gyp/gyp_main.py',
npm ERR! gyp info spawn args   'binding.gyp',
npm ERR! gyp info spawn args   '-f',
npm ERR! gyp info spawn args   'make',
npm ERR! gyp info spawn args   '-I',
npm ERR! gyp info spawn args   '/data/js-variants/multee/VariantsDeps/sharp/variant1/sharp/build/config.gypi',
npm ERR! gyp info spawn args   '-I',
npm ERR! gyp info spawn args   '/data/js-variants/multee/VariantsDeps/sharp/variant1/sharp/node_modules/node-gyp/addon.gypi',
npm ERR! gyp info spawn args   '-I',
npm ERR! gyp info spawn args   '/tmp/.node-gyp/18.3.0/include/node/common.gypi',
npm ERR! gyp info spawn args   '-Dlibrary=shared_library',
npm ERR! gyp info spawn args   '-Dvisibility=default',
npm ERR! gyp info spawn args   '-Dnode_root_dir=/tmp/.node-gyp/18.3.0',
npm ERR! gyp info spawn args   '-Dnode_gyp_dir=/data/js-variants/multee/VariantsDeps/sharp/variant1/sharp/node_modules/node-gyp',
npm ERR! gyp info spawn args   '-Dnode_lib_file=/tmp/.node-gyp/18.3.0/<(target_arch)/node.lib',
npm ERR! gyp info spawn args   '-Dmodule_root_dir=/data/js-variants/multee/VariantsDeps/sharp/variant1/sharp',
npm ERR! gyp info spawn args   '-Dnode_engine=v8',
npm ERR! gyp info spawn args   '--depth=.',
npm ERR! gyp info spawn args   '--no-parallel',
npm ERR! gyp info spawn args   '--generator-output',
npm ERR! gyp info spawn args   'build',
npm ERR! gyp info spawn args   '-Goutput_dir=.'
npm ERR! gyp info spawn args ]
npm ERR! gyp info spawn make
npm ERR! gyp info spawn args [ 'BUILDTYPE=Release', '-C', 'build' ]
npm ERR! ../src/common.cc:24:10: fatal error: vips/vips8: No such file or directory
npm ERR!    24 | #include <vips/vips8>
npm ERR!       |          ^~~~~~~~~~~~
npm ERR! compilation terminated.
npm ERR! make: *** [sharp-linux-x64.target.mk:139: Release/obj.target/sharp-linux-x64/src/common.o] Error 1
npm ERR! gyp ERR! build error 
npm ERR! gyp ERR! stack Error: `make` failed with exit code: 2
npm ERR! gyp ERR! stack     at ChildProcess.onExit (/data/js-variants/multee/VariantsDeps/sharp/variant1/sharp/node_modules/node-gyp/lib/build.js:194:23)
npm ERR! gyp ERR! stack     at ChildProcess.emit (node:events:527:28)
npm ERR! gyp ERR! stack     at ChildProcess._handle.onexit (node:internal/child_process:291:12)
npm ERR! gyp ERR! System Linux 5.13.0-1031-azure
npm ERR! gyp ERR! command "/usr/local/bin/node" "/data/js-variants/multee/VariantsDeps/sharp/variant1/sharp/node_modules/.bin/node-gyp" "rebuild"
npm ERR! gyp ERR! cwd /data/js-variants/multee/VariantsDeps/sharp/variant1/sharp
npm ERR! gyp ERR! node -v v18.3.0
npm ERR! gyp ERR! node-gyp -v v6.1.0
npm ERR! gyp ERR! not ok

npm ERR! A complete log of this run can be found in:
npm ERR!     /root/.npm/_logs/2022-08-09T15_23_11_480Z-debug-0.log
PASS src/lib/rle.test.ts
  RLE
    packBits
      ✓ Normaly (1 ms)
    packICNS
      ✓ Normaly
    unpackBits
      ✓ Normaly (1 ms)
    _packBitsLiteralToResult
      ✓ Normaly
      ✓ Empty (1 ms)

PASS src/lib/png.test.ts
  PNG
    generatePNG
      ✓ Generate (15 ms)
    filterImagesBySizes
      ✓ ICO (1 ms)
      ✓ ICNS
      ✓ Favicon

PASS src/bin/cli.test.ts
  CLI
    parseArgv
      input
        ✓ --input (3 ms)
        ✓ -i
      output
        ✓ --output
        ✓ -o
      icon
        ✓ Defaults
      icon.ico
        ✓ --ico
        ✓ --ico-name
        ✓ --ico-sizes (1 ms)
      icon.icns
        ✓ --icns (1 ms)
        ✓ --icns-name
        ✓ --icns-sizes (1 ms)
      icon.favicon
        ✓ --favicon
        ✓ --favicon-name
        ✓ --favicon-png-sizes
        ✓ --favicon-ico-sizes (1 ms)

PASS src/lib/ico.test.ts
  ICO
    ✓ generateICO (53 ms)

PASS src/lib/favicon.test.ts
  Favicon
    ✓ generateFavicon (37 ms)
    ✓ generatePNG (5 ms)

PASS src/lib/icns.test.ts
  ICNS
    ✓ generateICNS (17 ms)

Test Suites: 6 passed, 6 total
Tests:       28 passed, 28 total
Snapshots:   0 total
Time:        3.782 s, estimated 4 s
Ran all test suites.
