3
npm ERR! code 1
npm ERR! path /data/js-variants/multee/VariantsDeps/sharp/variant3/sharp
npm ERR! command failed
npm ERR! command sh -c /tmp/install-1660065072753.sh
npm ERR! sharp: Using existing vendored libvips v8.12.2
npm ERR! make: Entering directory '/data/js-variants/multee/VariantsDeps/sharp/variant3/sharp/build'
npm ERR!   TOUCH Release/obj.target/libvips-cpp.stamp
npm ERR!   CC(target) Release/obj.target/nothing/node_modules/node-addon-api/nothing.o
npm ERR!   AR(target) Release/obj.target/node_modules/node-addon-api/nothing.a
npm ERR!   COPY Release/nothing.a
npm ERR!   CXX(target) Release/obj.target/sharp-linux-x64/src/common.o
npm ERR! make: Leaving directory '/data/js-variants/multee/VariantsDeps/sharp/variant3/sharp/build'
npm ERR! prebuild-install warn install EACCES: permission denied, access '/root/.npm'
npm ERR! gyp info it worked if it ends with ok
npm ERR! gyp info using node-gyp@6.1.0
npm ERR! gyp info using node@18.3.0 | linux | x64
npm ERR! gyp info find Python using Python version 3.10.5 found at "/usr/bin/python3"
npm ERR! gyp WARN EACCES current user ("liu-yuxin") does not have permission to access the dev dir "/root/.cache/node-gyp/18.3.0"
npm ERR! gyp WARN EACCES attempting to reinstall using temporary dev dir "/tmp/.node-gyp"
npm ERR! (node:43178) [DEP0150] DeprecationWarning: Setting process.config is deprecated. In the future the property will be read-only.
npm ERR! (Use `node --trace-deprecation ...` to show where the warning was created)
npm ERR! gyp info spawn /usr/bin/python3
npm ERR! gyp info spawn args [
npm ERR! gyp info spawn args   '/data/js-variants/multee/VariantsDeps/sharp/variant3/sharp/node_modules/node-gyp/gyp/gyp_main.py',
npm ERR! gyp info spawn args   'binding.gyp',
npm ERR! gyp info spawn args   '-f',
npm ERR! gyp info spawn args   'make',
npm ERR! gyp info spawn args   '-I',
npm ERR! gyp info spawn args   '/data/js-variants/multee/VariantsDeps/sharp/variant3/sharp/build/config.gypi',
npm ERR! gyp info spawn args   '-I',
npm ERR! gyp info spawn args   '/data/js-variants/multee/VariantsDeps/sharp/variant3/sharp/node_modules/node-gyp/addon.gypi',
npm ERR! gyp info spawn args   '-I',
npm ERR! gyp info spawn args   '/tmp/.node-gyp/18.3.0/include/node/common.gypi',
npm ERR! gyp info spawn args   '-Dlibrary=shared_library',
npm ERR! gyp info spawn args   '-Dvisibility=default',
npm ERR! gyp info spawn args   '-Dnode_root_dir=/tmp/.node-gyp/18.3.0',
npm ERR! gyp info spawn args   '-Dnode_gyp_dir=/data/js-variants/multee/VariantsDeps/sharp/variant3/sharp/node_modules/node-gyp',
npm ERR! gyp info spawn args   '-Dnode_lib_file=/tmp/.node-gyp/18.3.0/<(target_arch)/node.lib',
npm ERR! gyp info spawn args   '-Dmodule_root_dir=/data/js-variants/multee/VariantsDeps/sharp/variant3/sharp',
npm ERR! gyp info spawn args   '-Dnode_engine=v8',
npm ERR! gyp info spawn args   '--depth=.',
npm ERR! gyp info spawn args   '--no-parallel',
npm ERR! gyp info spawn args   '--generator-output',
npm ERR! gyp info spawn args   'build',
npm ERR! gyp info spawn args   '-Goutput_dir=.'
npm ERR! gyp info spawn args ]
npm ERR! gyp info spawn make
npm ERR! gyp info spawn args [ 'BUILDTYPE=Release', '-C', 'build' ]
npm ERR! ../src/common.cc:24:10: fatal error: vips/vips8: No such file or directory
npm ERR!    24 | #include <vips/vips8>
npm ERR!       |          ^~~~~~~~~~~~
npm ERR! compilation terminated.
npm ERR! make: *** [sharp-linux-x64.target.mk:139: Release/obj.target/sharp-linux-x64/src/common.o] Error 1
npm ERR! gyp ERR! build error 
npm ERR! gyp ERR! stack Error: `make` failed with exit code: 2
npm ERR! gyp ERR! stack     at ChildProcess.onExit (/data/js-variants/multee/VariantsDeps/sharp/variant3/sharp/node_modules/node-gyp/lib/build.js:194:23)
npm ERR! gyp ERR! stack     at ChildProcess.emit (node:events:527:28)
npm ERR! gyp ERR! stack     at ChildProcess._handle.onexit (node:internal/child_process:291:12)
npm ERR! gyp ERR! System Linux 5.13.0-1031-azure
npm ERR! gyp ERR! command "/usr/local/bin/node" "/data/js-variants/multee/VariantsDeps/sharp/variant3/sharp/node_modules/.bin/node-gyp" "rebuild"
npm ERR! gyp ERR! cwd /data/js-variants/multee/VariantsDeps/sharp/variant3/sharp
npm ERR! gyp ERR! node -v v18.3.0
npm ERR! gyp ERR! node-gyp -v v6.1.0
npm ERR! gyp ERR! not ok

npm ERR! A complete log of this run can be found in:
npm ERR!     /root/.npm/_logs/2022-08-09T17_11_12_566Z-debug-0.log
npm ERR! code 1
npm ERR! path /data/js-variants/multee/VariantsDeps/sharp/variant2/sharp
npm ERR! command failed
npm ERR! command sh -c /tmp/install-1660065090310.sh
npm ERR! sharp: Using existing vendored libvips v8.12.2
npm ERR! make: Entering directory '/data/js-variants/multee/VariantsDeps/sharp/variant2/sharp/build'
npm ERR!   TOUCH Release/obj.target/libvips-cpp.stamp
npm ERR!   CC(target) Release/obj.target/nothing/node_modules/node-addon-api/nothing.o
npm ERR!   AR(target) Release/obj.target/node_modules/node-addon-api/nothing.a
npm ERR!   COPY Release/nothing.a
npm ERR!   CXX(target) Release/obj.target/sharp-linux-x64/src/common.o
npm ERR! make: Leaving directory '/data/js-variants/multee/VariantsDeps/sharp/variant2/sharp/build'
npm ERR! prebuild-install warn install EACCES: permission denied, access '/root/.npm'
npm ERR! gyp info it worked if it ends with ok
npm ERR! gyp info using node-gyp@6.1.0
npm ERR! gyp info using node@18.3.0 | linux | x64
npm ERR! gyp info find Python using Python version 3.10.5 found at "/usr/bin/python3"
npm ERR! gyp WARN EACCES current user ("liu-yuxin") does not have permission to access the dev dir "/root/.cache/node-gyp/18.3.0"
npm ERR! gyp WARN EACCES attempting to reinstall using temporary dev dir "/tmp/.node-gyp"
npm ERR! (node:43637) [DEP0150] DeprecationWarning: Setting process.config is deprecated. In the future the property will be read-only.
npm ERR! (Use `node --trace-deprecation ...` to show where the warning was created)
npm ERR! gyp info spawn /usr/bin/python3
npm ERR! gyp info spawn args [
npm ERR! gyp info spawn args   '/data/js-variants/multee/VariantsDeps/sharp/variant2/sharp/node_modules/node-gyp/gyp/gyp_main.py',
npm ERR! gyp info spawn args   'binding.gyp',
npm ERR! gyp info spawn args   '-f',
npm ERR! gyp info spawn args   'make',
npm ERR! gyp info spawn args   '-I',
npm ERR! gyp info spawn args   '/data/js-variants/multee/VariantsDeps/sharp/variant2/sharp/build/config.gypi',
npm ERR! gyp info spawn args   '-I',
npm ERR! gyp info spawn args   '/data/js-variants/multee/VariantsDeps/sharp/variant2/sharp/node_modules/node-gyp/addon.gypi',
npm ERR! gyp info spawn args   '-I',
npm ERR! gyp info spawn args   '/tmp/.node-gyp/18.3.0/include/node/common.gypi',
npm ERR! gyp info spawn args   '-Dlibrary=shared_library',
npm ERR! gyp info spawn args   '-Dvisibility=default',
npm ERR! gyp info spawn args   '-Dnode_root_dir=/tmp/.node-gyp/18.3.0',
npm ERR! gyp info spawn args   '-Dnode_gyp_dir=/data/js-variants/multee/VariantsDeps/sharp/variant2/sharp/node_modules/node-gyp',
npm ERR! gyp info spawn args   '-Dnode_lib_file=/tmp/.node-gyp/18.3.0/<(target_arch)/node.lib',
npm ERR! gyp info spawn args   '-Dmodule_root_dir=/data/js-variants/multee/VariantsDeps/sharp/variant2/sharp',
npm ERR! gyp info spawn args   '-Dnode_engine=v8',
npm ERR! gyp info spawn args   '--depth=.',
npm ERR! gyp info spawn args   '--no-parallel',
npm ERR! gyp info spawn args   '--generator-output',
npm ERR! gyp info spawn args   'build',
npm ERR! gyp info spawn args   '-Goutput_dir=.'
npm ERR! gyp info spawn args ]
npm ERR! gyp info spawn make
npm ERR! gyp info spawn args [ 'BUILDTYPE=Release', '-C', 'build' ]
npm ERR! ../src/common.cc:24:10: fatal error: vips/vips8: No such file or directory
npm ERR!    24 | #include <vips/vips8>
npm ERR!       |          ^~~~~~~~~~~~
npm ERR! compilation terminated.
npm ERR! make: *** [sharp-linux-x64.target.mk:139: Release/obj.target/sharp-linux-x64/src/common.o] Error 1
npm ERR! gyp ERR! build error 
npm ERR! gyp ERR! stack Error: `make` failed with exit code: 2
npm ERR! gyp ERR! stack     at ChildProcess.onExit (/data/js-variants/multee/VariantsDeps/sharp/variant2/sharp/node_modules/node-gyp/lib/build.js:194:23)
npm ERR! gyp ERR! stack     at ChildProcess.emit (node:events:527:28)
npm ERR! gyp ERR! stack     at ChildProcess._handle.onexit (node:internal/child_process:291:12)
npm ERR! gyp ERR! System Linux 5.13.0-1031-azure
npm ERR! gyp ERR! command "/usr/local/bin/node" "/data/js-variants/multee/VariantsDeps/sharp/variant2/sharp/node_modules/.bin/node-gyp" "rebuild"
npm ERR! gyp ERR! cwd /data/js-variants/multee/VariantsDeps/sharp/variant2/sharp
npm ERR! gyp ERR! node -v v18.3.0
npm ERR! gyp ERR! node-gyp -v v6.1.0
npm ERR! gyp ERR! not ok

npm ERR! A complete log of this run can be found in:
npm ERR!     /root/.npm/_logs/2022-08-09T17_11_30_097Z-debug-0.log
npm ERR! code 1
npm ERR! path /data/js-variants/multee/VariantsDeps/sharp/variant1/sharp
npm ERR! command failed
npm ERR! command sh -c /tmp/install-1660065106716.sh
npm ERR! /data/js-variants/multee/VariantsDeps/sharp/variant1/sharp/lib/libvips.js:16
npm ERR! const minimumLibvipsVersion = semverCoerce(minimumLibvipsVersionLabelled).version;
npm ERR!                                                                          ^
npm ERR! 
npm ERR! TypeError: Cannot read properties of null (reading 'version')
npm ERR!     at Object.<anonymous> (/data/js-variants/multee/VariantsDeps/sharp/variant1/sharp/lib/libvips.js:16:74)
npm ERR!     at Module._compile (node:internal/modules/cjs/loader:1105:14)
npm ERR!     at Module._extensions..js (node:internal/modules/cjs/loader:1159:10)
npm ERR!     at Module.load (node:internal/modules/cjs/loader:981:32)
npm ERR!     at Module._load (node:internal/modules/cjs/loader:827:12)
npm ERR!     at Module.require (node:internal/modules/cjs/loader:1005:19)
npm ERR!     at require (node:internal/modules/cjs/helpers:102:18)
npm ERR!     at Object.<anonymous> (/data/js-variants/multee/VariantsDeps/sharp/variant1/sharp/install/libvips.js:17:17)
npm ERR!     at Module._compile (node:internal/modules/cjs/loader:1105:14)
npm ERR!     at Module._extensions..js (node:internal/modules/cjs/loader:1159:10)
npm ERR! 
npm ERR! Node.js v18.3.0
npm ERR! /data/js-variants/multee/VariantsDeps/sharp/variant1/sharp/lib/libvips.js:16
npm ERR! const minimumLibvipsVersion = semverCoerce(minimumLibvipsVersionLabelled).version;
npm ERR!                                                                          ^
npm ERR! 
npm ERR! TypeError: Cannot read properties of null (reading 'version')
npm ERR!     at Object.<anonymous> (/data/js-variants/multee/VariantsDeps/sharp/variant1/sharp/lib/libvips.js:16:74)
npm ERR!     at Module._compile (node:internal/modules/cjs/loader:1105:14)
npm ERR!     at Module._extensions..js (node:internal/modules/cjs/loader:1159:10)
npm ERR!     at Module.load (node:internal/modules/cjs/loader:981:32)
npm ERR!     at Module._load (node:internal/modules/cjs/loader:827:12)
npm ERR!     at Module.require (node:internal/modules/cjs/loader:1005:19)
npm ERR!     at require (node:internal/modules/cjs/helpers:102:18)
npm ERR!     at Object.<anonymous> (/data/js-variants/multee/VariantsDeps/sharp/variant1/sharp/install/can-compile.js:3:17)
npm ERR!     at Module._compile (node:internal/modules/cjs/loader:1105:14)
npm ERR!     at Module._extensions..js (node:internal/modules/cjs/loader:1159:10)
npm ERR! 
npm ERR! Node.js v18.3.0

npm ERR! A complete log of this run can be found in:
npm ERR!     /root/.npm/_logs/2022-08-09T17_11_46_530Z-debug-0.log
npm ERR! code 1
npm ERR! path /data/js-variants/multee/VariantsDeps/sharp/variant1/sharp
npm ERR! command failed
npm ERR! command sh -c /tmp/install-1660065109591.sh
npm ERR! /data/js-variants/multee/VariantsDeps/sharp/variant1/sharp/lib/libvips.js:16
npm ERR! const minimumLibvipsVersion = semverCoerce(minimumLibvipsVersionLabelled).version;
npm ERR!                                                                          ^
npm ERR! 
npm ERR! TypeError: Cannot read properties of null (reading 'version')
npm ERR!     at Object.<anonymous> (/data/js-variants/multee/VariantsDeps/sharp/variant1/sharp/lib/libvips.js:16:74)
npm ERR!     at Module._compile (node:internal/modules/cjs/loader:1105:14)
npm ERR!     at Module._extensions..js (node:internal/modules/cjs/loader:1159:10)
npm ERR!     at Module.load (node:internal/modules/cjs/loader:981:32)
npm ERR!     at Module._load (node:internal/modules/cjs/loader:827:12)
npm ERR!     at Module.require (node:internal/modules/cjs/loader:1005:19)
npm ERR!     at require (node:internal/modules/cjs/helpers:102:18)
npm ERR!     at Object.<anonymous> (/data/js-variants/multee/VariantsDeps/sharp/variant1/sharp/install/libvips.js:17:17)
npm ERR!     at Module._compile (node:internal/modules/cjs/loader:1105:14)
npm ERR!     at Module._extensions..js (node:internal/modules/cjs/loader:1159:10)
npm ERR! 
npm ERR! Node.js v18.3.0
npm ERR! /data/js-variants/multee/VariantsDeps/sharp/variant1/sharp/lib/libvips.js:16
npm ERR! const minimumLibvipsVersion = semverCoerce(minimumLibvipsVersionLabelled).version;
npm ERR!                                                                          ^
npm ERR! 
npm ERR! TypeError: Cannot read properties of null (reading 'version')
npm ERR!     at Object.<anonymous> (/data/js-variants/multee/VariantsDeps/sharp/variant1/sharp/lib/libvips.js:16:74)
npm ERR!     at Module._compile (node:internal/modules/cjs/loader:1105:14)
npm ERR!     at Module._extensions..js (node:internal/modules/cjs/loader:1159:10)
npm ERR!     at Module.load (node:internal/modules/cjs/loader:981:32)
npm ERR!     at Module._load (node:internal/modules/cjs/loader:827:12)
npm ERR!     at Module.require (node:internal/modules/cjs/loader:1005:19)
npm ERR!     at require (node:internal/modules/cjs/helpers:102:18)
npm ERR!     at Object.<anonymous> (/data/js-variants/multee/VariantsDeps/sharp/variant1/sharp/install/can-compile.js:3:17)
npm ERR!     at Module._compile (node:internal/modules/cjs/loader:1105:14)
npm ERR!     at Module._extensions..js (node:internal/modules/cjs/loader:1159:10)
npm ERR! 
npm ERR! Node.js v18.3.0

npm ERR! A complete log of this run can be found in:
npm ERR!     /home/liu-yuxin/.npm/_logs/2022-08-09T17_11_47_151Z-debug-0.log

TypeError: Cannot read properties of null (reading 'version')
    at Object.<anonymous> (/data/js-variants/multee/VariantsDeps/sharp/variant1/sharp/lib/libvips.js:16:74)
    at Module._compile (node:internal/modules/cjs/loader:1105:14)
    at Object.Module._extensions..js (node:internal/modules/cjs/loader:1159:10)
    at Module.load (node:internal/modules/cjs/loader:981:32)
    at Function.Module._load (node:internal/modules/cjs/loader:827:12)
    at Module.require (node:internal/modules/cjs/loader:1005:19)
    at require (node:internal/modules/cjs/helpers:102:18)
    at Object.<anonymous> (/data/js-variants/multee/VariantsDeps/sharp/variant1/sharp/lib/constructor.js:7:1)
    at Module._compile (node:internal/modules/cjs/loader:1105:14)
    at Object.Module._extensions..js (node:internal/modules/cjs/loader:1159:10)
    at Module.load (node:internal/modules/cjs/loader:981:32)
    at Function.Module._load (node:internal/modules/cjs/loader:827:12)
    at Module.require (node:internal/modules/cjs/loader:1005:19)
    at require (node:internal/modules/cjs/helpers:102:18)
    at Object.<anonymous> (/data/js-variants/multee/VariantsDeps/sharp/variant1/sharp/lib/index.js:3:15)
    at Module._compile (node:internal/modules/cjs/loader:1105:14)
    at Object.Module._extensions..js (node:internal/modules/cjs/loader:1159:10)
    at Module.load (node:internal/modules/cjs/loader:981:32)
    at Function.Module._load (node:internal/modules/cjs/loader:827:12)
    at Module.require (node:internal/modules/cjs/loader:1005:19)
    at require (node:internal/modules/cjs/helpers:102:18)
    at Object.<anonymous> (/data/js-variants/multee/Clients/sharp/wa-sticker-formatter/src/internal/convert.ts:1:1)
    at Module._compile (node:internal/modules/cjs/loader:1105:14)
    at Module.m._compile (/data/js-variants/multee/Clients/sharp/wa-sticker-formatter/node_modules/ts-node/src/index.ts:1371:23)
    at Module._extensions..js (node:internal/modules/cjs/loader:1159:10)
    at Object.require.extensions.<computed> [as .ts] (/data/js-variants/multee/Clients/sharp/wa-sticker-formatter/node_modules/ts-node/src/index.ts:1374:12)
    at Module.load (node:internal/modules/cjs/loader:981:32)
    at Function.Module._load (node:internal/modules/cjs/loader:827:12)
    at Module.require (node:internal/modules/cjs/loader:1005:19)
    at require (node:internal/modules/cjs/helpers:102:18)
    at Object.<anonymous> (/data/js-variants/multee/Clients/sharp/wa-sticker-formatter/src/Sticker.ts:6:1)
    at Module._compile (node:internal/modules/cjs/loader:1105:14)
    at Module.m._compile (/data/js-variants/multee/Clients/sharp/wa-sticker-formatter/node_modules/ts-node/src/index.ts:1371:23)
    at Module._extensions..js (node:internal/modules/cjs/loader:1159:10)
    at Object.require.extensions.<computed> [as .ts] (/data/js-variants/multee/Clients/sharp/wa-sticker-formatter/node_modules/ts-node/src/index.ts:1374:12)
    at Module.load (node:internal/modules/cjs/loader:981:32)
    at Function.Module._load (node:internal/modules/cjs/loader:827:12)
    at Module.require (node:internal/modules/cjs/loader:1005:19)
    at require (node:internal/modules/cjs/helpers:102:18)
    at Object.<anonymous> (/data/js-variants/multee/Clients/sharp/wa-sticker-formatter/src/index.ts:1:1)
    at Module._compile (node:internal/modules/cjs/loader:1105:14)
    at Module.m._compile (/data/js-variants/multee/Clients/sharp/wa-sticker-formatter/node_modules/ts-node/src/index.ts:1371:23)
    at Module._extensions..js (node:internal/modules/cjs/loader:1159:10)
    at Object.require.extensions.<computed> [as .ts] (/data/js-variants/multee/Clients/sharp/wa-sticker-formatter/node_modules/ts-node/src/index.ts:1374:12)
    at Module.load (node:internal/modules/cjs/loader:981:32)
    at Function.Module._load (node:internal/modules/cjs/loader:827:12)
    at Module.require (node:internal/modules/cjs/loader:1005:19)
    at require (node:internal/modules/cjs/helpers:102:18)
    at Object.<anonymous> (/data/js-variants/multee/Clients/sharp/wa-sticker-formatter/tests/Sticker.test.ts:4:1)
    at Module._compile (node:internal/modules/cjs/loader:1105:14)
    at Module.m._compile (/data/js-variants/multee/Clients/sharp/wa-sticker-formatter/node_modules/ts-node/src/index.ts:1371:23)
    at Module._extensions..js (node:internal/modules/cjs/loader:1159:10)
    at Object.require.extensions.<computed> [as .ts] (/data/js-variants/multee/Clients/sharp/wa-sticker-formatter/node_modules/ts-node/src/index.ts:1374:12)
    at Module.load (node:internal/modules/cjs/loader:981:32)
    at Function.Module._load (node:internal/modules/cjs/loader:827:12)
    at Module.require (node:internal/modules/cjs/loader:1005:19)
    at require (node:internal/modules/cjs/helpers:102:18)
    at Object.exports.requireOrImport (/data/js-variants/multee/Clients/sharp/wa-sticker-formatter/node_modules/mocha/lib/nodejs/esm-utils.js:56:20)
    at async Object.exports.loadFilesAsync (/data/js-variants/multee/Clients/sharp/wa-sticker-formatter/node_modules/mocha/lib/nodejs/esm-utils.js:88:20)
    at async singleRun (/data/js-variants/multee/Clients/sharp/wa-sticker-formatter/node_modules/mocha/lib/cli/run-helpers.js:125:3)
    at async Object.exports.handler (/data/js-variants/multee/Clients/sharp/wa-sticker-formatter/node_modules/mocha/lib/cli/run.js:374:5)
