3
npm ERR! code 1
npm ERR! path /data/js-variants/multee/VariantsDeps/sharp/variant3/sharp
npm ERR! command failed
npm ERR! command sh -c /tmp/install-1660065229712.sh
npm ERR! sharp: Using existing vendored libvips v8.12.2
npm ERR! make: Entering directory '/data/js-variants/multee/VariantsDeps/sharp/variant3/sharp/build'
npm ERR!   TOUCH Release/obj.target/libvips-cpp.stamp
npm ERR!   CC(target) Release/obj.target/nothing/node_modules/node-addon-api/nothing.o
npm ERR!   AR(target) Release/obj.target/node_modules/node-addon-api/nothing.a
npm ERR!   COPY Release/nothing.a
npm ERR!   CXX(target) Release/obj.target/sharp-linux-x64/src/common.o
npm ERR! make: Leaving directory '/data/js-variants/multee/VariantsDeps/sharp/variant3/sharp/build'
npm ERR! prebuild-install warn install EACCES: permission denied, access '/root/.npm'
npm ERR! gyp info it worked if it ends with ok
npm ERR! gyp info using node-gyp@6.1.0
npm ERR! gyp info using node@18.3.0 | linux | x64
npm ERR! gyp info find Python using Python version 3.10.5 found at "/usr/bin/python3"
npm ERR! gyp WARN EACCES current user ("liu-yuxin") does not have permission to access the dev dir "/root/.cache/node-gyp/18.3.0"
npm ERR! gyp WARN EACCES attempting to reinstall using temporary dev dir "/tmp/.node-gyp"
npm ERR! (node:46449) [DEP0150] DeprecationWarning: Setting process.config is deprecated. In the future the property will be read-only.
npm ERR! (Use `node --trace-deprecation ...` to show where the warning was created)
npm ERR! gyp info spawn /usr/bin/python3
npm ERR! gyp info spawn args [
npm ERR! gyp info spawn args   '/data/js-variants/multee/VariantsDeps/sharp/variant3/sharp/node_modules/node-gyp/gyp/gyp_main.py',
npm ERR! gyp info spawn args   'binding.gyp',
npm ERR! gyp info spawn args   '-f',
npm ERR! gyp info spawn args   'make',
npm ERR! gyp info spawn args   '-I',
npm ERR! gyp info spawn args   '/data/js-variants/multee/VariantsDeps/sharp/variant3/sharp/build/config.gypi',
npm ERR! gyp info spawn args   '-I',
npm ERR! gyp info spawn args   '/data/js-variants/multee/VariantsDeps/sharp/variant3/sharp/node_modules/node-gyp/addon.gypi',
npm ERR! gyp info spawn args   '-I',
npm ERR! gyp info spawn args   '/tmp/.node-gyp/18.3.0/include/node/common.gypi',
npm ERR! gyp info spawn args   '-Dlibrary=shared_library',
npm ERR! gyp info spawn args   '-Dvisibility=default',
npm ERR! gyp info spawn args   '-Dnode_root_dir=/tmp/.node-gyp/18.3.0',
npm ERR! gyp info spawn args   '-Dnode_gyp_dir=/data/js-variants/multee/VariantsDeps/sharp/variant3/sharp/node_modules/node-gyp',
npm ERR! gyp info spawn args   '-Dnode_lib_file=/tmp/.node-gyp/18.3.0/<(target_arch)/node.lib',
npm ERR! gyp info spawn args   '-Dmodule_root_dir=/data/js-variants/multee/VariantsDeps/sharp/variant3/sharp',
npm ERR! gyp info spawn args   '-Dnode_engine=v8',
npm ERR! gyp info spawn args   '--depth=.',
npm ERR! gyp info spawn args   '--no-parallel',
npm ERR! gyp info spawn args   '--generator-output',
npm ERR! gyp info spawn args   'build',
npm ERR! gyp info spawn args   '-Goutput_dir=.'
npm ERR! gyp info spawn args ]
npm ERR! gyp info spawn make
npm ERR! gyp info spawn args [ 'BUILDTYPE=Release', '-C', 'build' ]
npm ERR! ../src/common.cc:24:10: fatal error: vips/vips8: No such file or directory
npm ERR!    24 | #include <vips/vips8>
npm ERR!       |          ^~~~~~~~~~~~
npm ERR! compilation terminated.
npm ERR! make: *** [sharp-linux-x64.target.mk:139: Release/obj.target/sharp-linux-x64/src/common.o] Error 1
npm ERR! gyp ERR! build error 
npm ERR! gyp ERR! stack Error: `make` failed with exit code: 2
npm ERR! gyp ERR! stack     at ChildProcess.onExit (/data/js-variants/multee/VariantsDeps/sharp/variant3/sharp/node_modules/node-gyp/lib/build.js:194:23)
npm ERR! gyp ERR! stack     at ChildProcess.emit (node:events:527:28)
npm ERR! gyp ERR! stack     at ChildProcess._handle.onexit (node:internal/child_process:291:12)
npm ERR! gyp ERR! System Linux 5.13.0-1031-azure
npm ERR! gyp ERR! command "/usr/local/bin/node" "/data/js-variants/multee/VariantsDeps/sharp/variant3/sharp/node_modules/.bin/node-gyp" "rebuild"
npm ERR! gyp ERR! cwd /data/js-variants/multee/VariantsDeps/sharp/variant3/sharp
npm ERR! gyp ERR! node -v v18.3.0
npm ERR! gyp ERR! node-gyp -v v6.1.0
npm ERR! gyp ERR! not ok

npm ERR! A complete log of this run can be found in:
npm ERR!     /root/.npm/_logs/2022-08-09T17_13_49_499Z-debug-0.log
Browserslist: caniuse-lite is outdated. Please run:
npx browserslist@latest --update-db

Why you should do it regularly:
https://github.com/browserslist/browserslist#browsers-data-updating
PASS test/imageThumbnail.test.js
  Image Thumbnail
    Thumbnail Buffer
      ✓ should return a buffer image thumbnail from an image base64 (12 ms)
      ✓ should return a buffer image thumbnail from an image uri (173 ms)
      ✓ should return a buffer image thumbnail from a file path (16 ms)
      ✓ should return a buffer image thumbnail from a stream (21 ms)
      ✓ should return a buffer image thumbnail from a buffer (13 ms)
    Thumbnail Base64
      ✓ should return a base64 image thumbnail from an image base64 (5 ms)
      ✓ should return a base64 image thumbnail from a buffer (8 ms)
      ✓ should return a base64 image thumbnail from a stream (9 ms)
      ✓ should return a base64 image thumbnail from an image uri (105 ms)
      ✓ should return a base64 image thumbnail from a file path (8 ms)
      ✓ should return a base64 image thumbnail from an image from samsung phones due to weird encoding and failOnError set (60 ms)
    Options
      ✓ should return a buffer image and keep aspect 300x200 (12 ms)
      ✓ should return a buffer image with width equals 300 (12 ms)
      ✓ should return a buffer image with height equals 300 (19 ms)
      ✓ should return a buffer image with width equals 300 and height equals 200 (12 ms)
      ✓ should return a buffer image with width quals 200 (11 ms)
      ✓ should return a buffer image with width equals 144 and height equals 96 (9 ms)
    Utils
      RemoveUndefined
        ✓ should return an object only with height
        ✓ should return an object only with width (1 ms)
        ✓ should return an object with width and height

Test Suites: 1 passed, 1 total
Tests:       20 passed, 20 total
Snapshots:   0 total
Time:        2.039 s
Ran all test suites.
npm ERR! code 1
npm ERR! path /data/js-variants/multee/VariantsDeps/sharp/variant2/sharp
npm ERR! command failed
npm ERR! command sh -c /tmp/install-1660065242664.sh
npm ERR! sharp: Using existing vendored libvips v8.12.2
npm ERR! make: Entering directory '/data/js-variants/multee/VariantsDeps/sharp/variant2/sharp/build'
npm ERR!   TOUCH Release/obj.target/libvips-cpp.stamp
npm ERR!   CC(target) Release/obj.target/nothing/node_modules/node-addon-api/nothing.o
npm ERR!   AR(target) Release/obj.target/node_modules/node-addon-api/nothing.a
npm ERR!   COPY Release/nothing.a
npm ERR!   CXX(target) Release/obj.target/sharp-linux-x64/src/common.o
npm ERR! make: Leaving directory '/data/js-variants/multee/VariantsDeps/sharp/variant2/sharp/build'
npm ERR! prebuild-install warn install EACCES: permission denied, access '/root/.npm'
npm ERR! gyp info it worked if it ends with ok
npm ERR! gyp info using node-gyp@6.1.0
npm ERR! gyp info using node@18.3.0 | linux | x64
npm ERR! gyp info find Python using Python version 3.10.5 found at "/usr/bin/python3"
npm ERR! gyp WARN EACCES current user ("liu-yuxin") does not have permission to access the dev dir "/root/.cache/node-gyp/18.3.0"
npm ERR! gyp WARN EACCES attempting to reinstall using temporary dev dir "/tmp/.node-gyp"
npm ERR! (node:46892) [DEP0150] DeprecationWarning: Setting process.config is deprecated. In the future the property will be read-only.
npm ERR! (Use `node --trace-deprecation ...` to show where the warning was created)
npm ERR! gyp info spawn /usr/bin/python3
npm ERR! gyp info spawn args [
npm ERR! gyp info spawn args   '/data/js-variants/multee/VariantsDeps/sharp/variant2/sharp/node_modules/node-gyp/gyp/gyp_main.py',
npm ERR! gyp info spawn args   'binding.gyp',
npm ERR! gyp info spawn args   '-f',
npm ERR! gyp info spawn args   'make',
npm ERR! gyp info spawn args   '-I',
npm ERR! gyp info spawn args   '/data/js-variants/multee/VariantsDeps/sharp/variant2/sharp/build/config.gypi',
npm ERR! gyp info spawn args   '-I',
npm ERR! gyp info spawn args   '/data/js-variants/multee/VariantsDeps/sharp/variant2/sharp/node_modules/node-gyp/addon.gypi',
npm ERR! gyp info spawn args   '-I',
npm ERR! gyp info spawn args   '/tmp/.node-gyp/18.3.0/include/node/common.gypi',
npm ERR! gyp info spawn args   '-Dlibrary=shared_library',
npm ERR! gyp info spawn args   '-Dvisibility=default',
npm ERR! gyp info spawn args   '-Dnode_root_dir=/tmp/.node-gyp/18.3.0',
npm ERR! gyp info spawn args   '-Dnode_gyp_dir=/data/js-variants/multee/VariantsDeps/sharp/variant2/sharp/node_modules/node-gyp',
npm ERR! gyp info spawn args   '-Dnode_lib_file=/tmp/.node-gyp/18.3.0/<(target_arch)/node.lib',
npm ERR! gyp info spawn args   '-Dmodule_root_dir=/data/js-variants/multee/VariantsDeps/sharp/variant2/sharp',
npm ERR! gyp info spawn args   '-Dnode_engine=v8',
npm ERR! gyp info spawn args   '--depth=.',
npm ERR! gyp info spawn args   '--no-parallel',
npm ERR! gyp info spawn args   '--generator-output',
npm ERR! gyp info spawn args   'build',
npm ERR! gyp info spawn args   '-Goutput_dir=.'
npm ERR! gyp info spawn args ]
npm ERR! gyp info spawn make
npm ERR! gyp info spawn args [ 'BUILDTYPE=Release', '-C', 'build' ]
npm ERR! ../src/common.cc:24:10: fatal error: vips/vips8: No such file or directory
npm ERR!    24 | #include <vips/vips8>
npm ERR!       |          ^~~~~~~~~~~~
npm ERR! compilation terminated.
npm ERR! make: *** [sharp-linux-x64.target.mk:139: Release/obj.target/sharp-linux-x64/src/common.o] Error 1
npm ERR! gyp ERR! build error 
npm ERR! gyp ERR! stack Error: `make` failed with exit code: 2
npm ERR! gyp ERR! stack     at ChildProcess.onExit (/data/js-variants/multee/VariantsDeps/sharp/variant2/sharp/node_modules/node-gyp/lib/build.js:194:23)
npm ERR! gyp ERR! stack     at ChildProcess.emit (node:events:527:28)
npm ERR! gyp ERR! stack     at ChildProcess._handle.onexit (node:internal/child_process:291:12)
npm ERR! gyp ERR! System Linux 5.13.0-1031-azure
npm ERR! gyp ERR! command "/usr/local/bin/node" "/data/js-variants/multee/VariantsDeps/sharp/variant2/sharp/node_modules/.bin/node-gyp" "rebuild"
npm ERR! gyp ERR! cwd /data/js-variants/multee/VariantsDeps/sharp/variant2/sharp
npm ERR! gyp ERR! node -v v18.3.0
npm ERR! gyp ERR! node-gyp -v v6.1.0
npm ERR! gyp ERR! not ok

npm ERR! A complete log of this run can be found in:
npm ERR!     /root/.npm/_logs/2022-08-09T17_14_02_477Z-debug-0.log
Browserslist: caniuse-lite is outdated. Please run:
npx browserslist@latest --update-db

Why you should do it regularly:
https://github.com/browserslist/browserslist#browsers-data-updating
PASS test/imageThumbnail.test.js
  Image Thumbnail
    Thumbnail Buffer
      ✓ should return a buffer image thumbnail from an image base64 (12 ms)
      ✓ should return a buffer image thumbnail from an image uri (140 ms)
      ✓ should return a buffer image thumbnail from a file path (16 ms)
      ✓ should return a buffer image thumbnail from a stream (21 ms)
      ✓ should return a buffer image thumbnail from a buffer (20 ms)
    Thumbnail Base64
      ✓ should return a base64 image thumbnail from an image base64 (5 ms)
      ✓ should return a base64 image thumbnail from a buffer (8 ms)
      ✓ should return a base64 image thumbnail from a stream (8 ms)
      ✓ should return a base64 image thumbnail from an image uri (58 ms)
      ✓ should return a base64 image thumbnail from a file path (8 ms)
      ✓ should return a base64 image thumbnail from an image from samsung phones due to weird encoding and failOnError set (61 ms)
    Options
      ✓ should return a buffer image and keep aspect 300x200 (12 ms)
      ✓ should return a buffer image with width equals 300 (12 ms)
      ✓ should return a buffer image with height equals 300 (18 ms)
      ✓ should return a buffer image with width equals 300 and height equals 200 (13 ms)
      ✓ should return a buffer image with width quals 200 (11 ms)
      ✓ should return a buffer image with width equals 144 and height equals 96 (9 ms)
    Utils
      RemoveUndefined
        ✓ should return an object only with height (1 ms)
        ✓ should return an object only with width
        ✓ should return an object with width and height

Test Suites: 1 passed, 1 total
Tests:       20 passed, 20 total
Snapshots:   0 total
Time:        1.93 s, estimated 2 s
Ran all test suites.
npm ERR! code 1
npm ERR! path /data/js-variants/multee/VariantsDeps/sharp/variant1/sharp
npm ERR! command failed
npm ERR! command sh -c /tmp/install-1660065255481.sh
npm ERR! /data/js-variants/multee/VariantsDeps/sharp/variant1/sharp/lib/libvips.js:16
npm ERR! const minimumLibvipsVersion = semverCoerce(minimumLibvipsVersionLabelled).version;
npm ERR!                                                                          ^
npm ERR! 
npm ERR! TypeError: Cannot read properties of null (reading 'version')
npm ERR!     at Object.<anonymous> (/data/js-variants/multee/VariantsDeps/sharp/variant1/sharp/lib/libvips.js:16:74)
npm ERR!     at Module._compile (node:internal/modules/cjs/loader:1105:14)
npm ERR!     at Module._extensions..js (node:internal/modules/cjs/loader:1159:10)
npm ERR!     at Module.load (node:internal/modules/cjs/loader:981:32)
npm ERR!     at Module._load (node:internal/modules/cjs/loader:827:12)
npm ERR!     at Module.require (node:internal/modules/cjs/loader:1005:19)
npm ERR!     at require (node:internal/modules/cjs/helpers:102:18)
npm ERR!     at Object.<anonymous> (/data/js-variants/multee/VariantsDeps/sharp/variant1/sharp/install/libvips.js:17:17)
npm ERR!     at Module._compile (node:internal/modules/cjs/loader:1105:14)
npm ERR!     at Module._extensions..js (node:internal/modules/cjs/loader:1159:10)
npm ERR! 
npm ERR! Node.js v18.3.0
npm ERR! /data/js-variants/multee/VariantsDeps/sharp/variant1/sharp/lib/libvips.js:16
npm ERR! const minimumLibvipsVersion = semverCoerce(minimumLibvipsVersionLabelled).version;
npm ERR!                                                                          ^
npm ERR! 
npm ERR! TypeError: Cannot read properties of null (reading 'version')
npm ERR!     at Object.<anonymous> (/data/js-variants/multee/VariantsDeps/sharp/variant1/sharp/lib/libvips.js:16:74)
npm ERR!     at Module._compile (node:internal/modules/cjs/loader:1105:14)
npm ERR!     at Module._extensions..js (node:internal/modules/cjs/loader:1159:10)
npm ERR!     at Module.load (node:internal/modules/cjs/loader:981:32)
npm ERR!     at Module._load (node:internal/modules/cjs/loader:827:12)
npm ERR!     at Module.require (node:internal/modules/cjs/loader:1005:19)
npm ERR!     at require (node:internal/modules/cjs/helpers:102:18)
npm ERR!     at Object.<anonymous> (/data/js-variants/multee/VariantsDeps/sharp/variant1/sharp/install/can-compile.js:3:17)
npm ERR!     at Module._compile (node:internal/modules/cjs/loader:1105:14)
npm ERR!     at Module._extensions..js (node:internal/modules/cjs/loader:1159:10)
npm ERR! 
npm ERR! Node.js v18.3.0

npm ERR! A complete log of this run can be found in:
npm ERR!     /root/.npm/_logs/2022-08-09T17_14_15_193Z-debug-0.log
npm ERR! code 1
npm ERR! path /data/js-variants/multee/VariantsDeps/sharp/variant1/sharp
npm ERR! command failed
npm ERR! command sh -c /tmp/install-1660065257961.sh
npm ERR! /data/js-variants/multee/VariantsDeps/sharp/variant1/sharp/lib/libvips.js:16
npm ERR! const minimumLibvipsVersion = semverCoerce(minimumLibvipsVersionLabelled).version;
npm ERR!                                                                          ^
npm ERR! 
npm ERR! TypeError: Cannot read properties of null (reading 'version')
npm ERR!     at Object.<anonymous> (/data/js-variants/multee/VariantsDeps/sharp/variant1/sharp/lib/libvips.js:16:74)
npm ERR!     at Module._compile (node:internal/modules/cjs/loader:1105:14)
npm ERR!     at Module._extensions..js (node:internal/modules/cjs/loader:1159:10)
npm ERR!     at Module.load (node:internal/modules/cjs/loader:981:32)
npm ERR!     at Module._load (node:internal/modules/cjs/loader:827:12)
npm ERR!     at Module.require (node:internal/modules/cjs/loader:1005:19)
npm ERR!     at require (node:internal/modules/cjs/helpers:102:18)
npm ERR!     at Object.<anonymous> (/data/js-variants/multee/VariantsDeps/sharp/variant1/sharp/install/libvips.js:17:17)
npm ERR!     at Module._compile (node:internal/modules/cjs/loader:1105:14)
npm ERR!     at Module._extensions..js (node:internal/modules/cjs/loader:1159:10)
npm ERR! 
npm ERR! Node.js v18.3.0
npm ERR! /data/js-variants/multee/VariantsDeps/sharp/variant1/sharp/lib/libvips.js:16
npm ERR! const minimumLibvipsVersion = semverCoerce(minimumLibvipsVersionLabelled).version;
npm ERR!                                                                          ^
npm ERR! 
npm ERR! TypeError: Cannot read properties of null (reading 'version')
npm ERR!     at Object.<anonymous> (/data/js-variants/multee/VariantsDeps/sharp/variant1/sharp/lib/libvips.js:16:74)
npm ERR!     at Module._compile (node:internal/modules/cjs/loader:1105:14)
npm ERR!     at Module._extensions..js (node:internal/modules/cjs/loader:1159:10)
npm ERR!     at Module.load (node:internal/modules/cjs/loader:981:32)
npm ERR!     at Module._load (node:internal/modules/cjs/loader:827:12)
npm ERR!     at Module.require (node:internal/modules/cjs/loader:1005:19)
npm ERR!     at require (node:internal/modules/cjs/helpers:102:18)
npm ERR!     at Object.<anonymous> (/data/js-variants/multee/VariantsDeps/sharp/variant1/sharp/install/can-compile.js:3:17)
npm ERR!     at Module._compile (node:internal/modules/cjs/loader:1105:14)
npm ERR!     at Module._extensions..js (node:internal/modules/cjs/loader:1159:10)
npm ERR! 
npm ERR! Node.js v18.3.0

npm ERR! A complete log of this run can be found in:
npm ERR!     /home/liu-yuxin/.npm/_logs/2022-08-09T17_14_16_006Z-debug-0.log
Browserslist: caniuse-lite is outdated. Please run:
npx browserslist@latest --update-db

Why you should do it regularly:
https://github.com/browserslist/browserslist#browsers-data-updating
FAIL test/imageThumbnail.test.js
  ● Test suite failed to run

    TypeError: Cannot read properties of null (reading 'version')

      14 | const minimumLibvipsVersionLabelled = env.npm_package_config_libvips || /* istanbul ignore next */
      15 |   config.libvips;
    > 16 | const minimumLibvipsVersion = semverCoerce(minimumLibvipsVersionLabelled).version;
         |                               ^
      17 |
      18 | const spawnSyncOptions = {
      19 |   encoding: 'utf8',

      at Object.<anonymous> (../../../VariantsDeps/sharp/variant1/sharp/lib/libvips.js:16:31)
      at Object.<anonymous> (../../../VariantsDeps/sharp/variant1/sharp/lib/constructor.js:7:1)

Test Suites: 1 failed, 1 total
Tests:       0 total
Snapshots:   0 total
Time:        0.782 s, estimated 2 s
Ran all test suites.
