3
npm ERR! code 1
npm ERR! path /data/js-variants/multee/VariantsDeps/sharp/variant3/sharp
npm ERR! command failed
npm ERR! command sh -c /tmp/install-1660064381550.sh
npm ERR! sharp: Using existing vendored libvips v8.12.2
npm ERR! make: Entering directory '/data/js-variants/multee/VariantsDeps/sharp/variant3/sharp/build'
npm ERR!   TOUCH Release/obj.target/libvips-cpp.stamp
npm ERR!   CC(target) Release/obj.target/nothing/node_modules/node-addon-api/nothing.o
npm ERR!   AR(target) Release/obj.target/node_modules/node-addon-api/nothing.a
npm ERR!   COPY Release/nothing.a
npm ERR!   CXX(target) Release/obj.target/sharp-linux-x64/src/common.o
npm ERR! make: Leaving directory '/data/js-variants/multee/VariantsDeps/sharp/variant3/sharp/build'
npm ERR! prebuild-install warn install EACCES: permission denied, access '/root/.npm'
npm ERR! gyp info it worked if it ends with ok
npm ERR! gyp info using node-gyp@6.1.0
npm ERR! gyp info using node@18.3.0 | linux | x64
npm ERR! gyp info find Python using Python version 3.10.5 found at "/usr/bin/python3"
npm ERR! gyp WARN EACCES current user ("liu-yuxin") does not have permission to access the dev dir "/root/.cache/node-gyp/18.3.0"
npm ERR! gyp WARN EACCES attempting to reinstall using temporary dev dir "/tmp/.node-gyp"
npm ERR! (node:28713) [DEP0150] DeprecationWarning: Setting process.config is deprecated. In the future the property will be read-only.
npm ERR! (Use `node --trace-deprecation ...` to show where the warning was created)
npm ERR! gyp info spawn /usr/bin/python3
npm ERR! gyp info spawn args [
npm ERR! gyp info spawn args   '/data/js-variants/multee/VariantsDeps/sharp/variant3/sharp/node_modules/node-gyp/gyp/gyp_main.py',
npm ERR! gyp info spawn args   'binding.gyp',
npm ERR! gyp info spawn args   '-f',
npm ERR! gyp info spawn args   'make',
npm ERR! gyp info spawn args   '-I',
npm ERR! gyp info spawn args   '/data/js-variants/multee/VariantsDeps/sharp/variant3/sharp/build/config.gypi',
npm ERR! gyp info spawn args   '-I',
npm ERR! gyp info spawn args   '/data/js-variants/multee/VariantsDeps/sharp/variant3/sharp/node_modules/node-gyp/addon.gypi',
npm ERR! gyp info spawn args   '-I',
npm ERR! gyp info spawn args   '/tmp/.node-gyp/18.3.0/include/node/common.gypi',
npm ERR! gyp info spawn args   '-Dlibrary=shared_library',
npm ERR! gyp info spawn args   '-Dvisibility=default',
npm ERR! gyp info spawn args   '-Dnode_root_dir=/tmp/.node-gyp/18.3.0',
npm ERR! gyp info spawn args   '-Dnode_gyp_dir=/data/js-variants/multee/VariantsDeps/sharp/variant3/sharp/node_modules/node-gyp',
npm ERR! gyp info spawn args   '-Dnode_lib_file=/tmp/.node-gyp/18.3.0/<(target_arch)/node.lib',
npm ERR! gyp info spawn args   '-Dmodule_root_dir=/data/js-variants/multee/VariantsDeps/sharp/variant3/sharp',
npm ERR! gyp info spawn args   '-Dnode_engine=v8',
npm ERR! gyp info spawn args   '--depth=.',
npm ERR! gyp info spawn args   '--no-parallel',
npm ERR! gyp info spawn args   '--generator-output',
npm ERR! gyp info spawn args   'build',
npm ERR! gyp info spawn args   '-Goutput_dir=.'
npm ERR! gyp info spawn args ]
npm ERR! gyp info spawn make
npm ERR! gyp info spawn args [ 'BUILDTYPE=Release', '-C', 'build' ]
npm ERR! ../src/common.cc:24:10: fatal error: vips/vips8: No such file or directory
npm ERR!    24 | #include <vips/vips8>
npm ERR!       |          ^~~~~~~~~~~~
npm ERR! compilation terminated.
npm ERR! make: *** [sharp-linux-x64.target.mk:139: Release/obj.target/sharp-linux-x64/src/common.o] Error 1
npm ERR! gyp ERR! build error 
npm ERR! gyp ERR! stack Error: `make` failed with exit code: 2
npm ERR! gyp ERR! stack     at ChildProcess.onExit (/data/js-variants/multee/VariantsDeps/sharp/variant3/sharp/node_modules/node-gyp/lib/build.js:194:23)
npm ERR! gyp ERR! stack     at ChildProcess.emit (node:events:527:28)
npm ERR! gyp ERR! stack     at ChildProcess._handle.onexit (node:internal/child_process:291:12)
npm ERR! gyp ERR! System Linux 5.13.0-1031-azure
npm ERR! gyp ERR! command "/usr/local/bin/node" "/data/js-variants/multee/VariantsDeps/sharp/variant3/sharp/node_modules/.bin/node-gyp" "rebuild"
npm ERR! gyp ERR! cwd /data/js-variants/multee/VariantsDeps/sharp/variant3/sharp
npm ERR! gyp ERR! node -v v18.3.0
npm ERR! gyp ERR! node-gyp -v v6.1.0
npm ERR! gyp ERR! not ok

npm ERR! A complete log of this run can be found in:
npm ERR!     /root/.npm/_logs/2022-08-09T16_59_41_318Z-debug-0.log
Entry module "src/index.ts" is using named and default exports together. Consumers of your bundle will have to use `chunk["default"]` to access the default export, which may not be what you want. Use `output.exports: "named"` to disable this warning
PASS test/loadManifestWithCredentials.test.js (6.138 s)
PASS test/background.test.js (32.363 s)
PASS test/noassets.test.js
PASS test/array.test.js (49.622 s)
PASS test/manifestRelativePaths.test.js
PASS test/manifest.test.js
PASS test/manifestShortcuts.test.js
PASS test/stream.test.js (10.926 s)
PASS test/svg.test.js (20.408 s)
PASS test/failure.test.js
PASS test/default.test.js (25.411 s)
PASS test/offset.test.js (23.88 s)
PASS test/manifestMaskable.test.js (51.512 s)
PASS test/meta.test.js (26.517 s)
PASS test/restrict.test.js
PASS test/pixelart.test.js (19.257 s)
PASS test/svgScaling.test.js
PASS test/prefixed.test.js (24.942 s)
PASS test/output.test.js

Test Suites: 19 passed, 19 total
Tests:       1 skipped, 30 passed, 31 total
Snapshots:   752 passed, 752 total
Time:        305.663 s
Ran all test suites.
npm ERR! code 1
npm ERR! path /data/js-variants/multee/VariantsDeps/sharp/variant2/sharp
npm ERR! command failed
npm ERR! command sh -c /tmp/install-1660064722978.sh
npm ERR! sharp: Using existing vendored libvips v8.12.2
npm ERR! make: Entering directory '/data/js-variants/multee/VariantsDeps/sharp/variant2/sharp/build'
npm ERR!   TOUCH Release/obj.target/libvips-cpp.stamp
npm ERR!   CC(target) Release/obj.target/nothing/node_modules/node-addon-api/nothing.o
npm ERR!   AR(target) Release/obj.target/node_modules/node-addon-api/nothing.a
npm ERR!   COPY Release/nothing.a
npm ERR!   CXX(target) Release/obj.target/sharp-linux-x64/src/common.o
npm ERR! make: Leaving directory '/data/js-variants/multee/VariantsDeps/sharp/variant2/sharp/build'
npm ERR! prebuild-install warn install EACCES: permission denied, access '/root/.npm'
npm ERR! gyp info it worked if it ends with ok
npm ERR! gyp info using node-gyp@6.1.0
npm ERR! gyp info using node@18.3.0 | linux | x64
npm ERR! gyp info find Python using Python version 3.10.5 found at "/usr/bin/python3"
npm ERR! gyp WARN EACCES current user ("liu-yuxin") does not have permission to access the dev dir "/root/.cache/node-gyp/18.3.0"
npm ERR! gyp WARN EACCES attempting to reinstall using temporary dev dir "/tmp/.node-gyp"
npm ERR! (node:35903) [DEP0150] DeprecationWarning: Setting process.config is deprecated. In the future the property will be read-only.
npm ERR! (Use `node --trace-deprecation ...` to show where the warning was created)
npm ERR! gyp info spawn /usr/bin/python3
npm ERR! gyp info spawn args [
npm ERR! gyp info spawn args   '/data/js-variants/multee/VariantsDeps/sharp/variant2/sharp/node_modules/node-gyp/gyp/gyp_main.py',
npm ERR! gyp info spawn args   'binding.gyp',
npm ERR! gyp info spawn args   '-f',
npm ERR! gyp info spawn args   'make',
npm ERR! gyp info spawn args   '-I',
npm ERR! gyp info spawn args   '/data/js-variants/multee/VariantsDeps/sharp/variant2/sharp/build/config.gypi',
npm ERR! gyp info spawn args   '-I',
npm ERR! gyp info spawn args   '/data/js-variants/multee/VariantsDeps/sharp/variant2/sharp/node_modules/node-gyp/addon.gypi',
npm ERR! gyp info spawn args   '-I',
npm ERR! gyp info spawn args   '/tmp/.node-gyp/18.3.0/include/node/common.gypi',
npm ERR! gyp info spawn args   '-Dlibrary=shared_library',
npm ERR! gyp info spawn args   '-Dvisibility=default',
npm ERR! gyp info spawn args   '-Dnode_root_dir=/tmp/.node-gyp/18.3.0',
npm ERR! gyp info spawn args   '-Dnode_gyp_dir=/data/js-variants/multee/VariantsDeps/sharp/variant2/sharp/node_modules/node-gyp',
npm ERR! gyp info spawn args   '-Dnode_lib_file=/tmp/.node-gyp/18.3.0/<(target_arch)/node.lib',
npm ERR! gyp info spawn args   '-Dmodule_root_dir=/data/js-variants/multee/VariantsDeps/sharp/variant2/sharp',
npm ERR! gyp info spawn args   '-Dnode_engine=v8',
npm ERR! gyp info spawn args   '--depth=.',
npm ERR! gyp info spawn args   '--no-parallel',
npm ERR! gyp info spawn args   '--generator-output',
npm ERR! gyp info spawn args   'build',
npm ERR! gyp info spawn args   '-Goutput_dir=.'
npm ERR! gyp info spawn args ]
npm ERR! gyp info spawn make
npm ERR! gyp info spawn args [ 'BUILDTYPE=Release', '-C', 'build' ]
npm ERR! ../src/common.cc:24:10: fatal error: vips/vips8: No such file or directory
npm ERR!    24 | #include <vips/vips8>
npm ERR!       |          ^~~~~~~~~~~~
npm ERR! compilation terminated.
npm ERR! make: *** [sharp-linux-x64.target.mk:139: Release/obj.target/sharp-linux-x64/src/common.o] Error 1
npm ERR! gyp ERR! build error 
npm ERR! gyp ERR! stack Error: `make` failed with exit code: 2
npm ERR! gyp ERR! stack     at ChildProcess.onExit (/data/js-variants/multee/VariantsDeps/sharp/variant2/sharp/node_modules/node-gyp/lib/build.js:194:23)
npm ERR! gyp ERR! stack     at ChildProcess.emit (node:events:527:28)
npm ERR! gyp ERR! stack     at ChildProcess._handle.onexit (node:internal/child_process:291:12)
npm ERR! gyp ERR! System Linux 5.13.0-1031-azure
npm ERR! gyp ERR! command "/usr/local/bin/node" "/data/js-variants/multee/VariantsDeps/sharp/variant2/sharp/node_modules/.bin/node-gyp" "rebuild"
npm ERR! gyp ERR! cwd /data/js-variants/multee/VariantsDeps/sharp/variant2/sharp
npm ERR! gyp ERR! node -v v18.3.0
npm ERR! gyp ERR! node-gyp -v v6.1.0
npm ERR! gyp ERR! not ok

npm ERR! A complete log of this run can be found in:
npm ERR!     /root/.npm/_logs/2022-08-09T17_05_22_791Z-debug-0.log
Entry module "src/index.ts" is using named and default exports together. Consumers of your bundle will have to use `chunk["default"]` to access the default export, which may not be what you want. Use `output.exports: "named"` to disable this warning
PASS test/manifestMaskable.test.js (52.015 s)
PASS test/array.test.js (45.274 s)
PASS test/background.test.js (25.092 s)
PASS test/meta.test.js (27.176 s)
PASS test/default.test.js (25.614 s)
PASS test/prefixed.test.js (25.106 s)
PASS test/offset.test.js (23.525 s)
PASS test/svg.test.js (20.076 s)
PASS test/pixelart.test.js (20.17 s)
PASS test/stream.test.js (11.079 s)
PASS test/loadManifestWithCredentials.test.js
PASS test/manifestShortcuts.test.js
PASS test/manifestRelativePaths.test.js
PASS test/output.test.js
PASS test/svgScaling.test.js
PASS test/restrict.test.js
PASS test/noassets.test.js
PASS test/manifest.test.js
PASS test/failure.test.js

Test Suites: 19 passed, 19 total
Tests:       1 skipped, 30 passed, 31 total
Snapshots:   752 passed, 752 total
Time:        291.474 s, estimated 306 s
Ran all test suites.
npm ERR! code 1
npm ERR! path /data/js-variants/multee/VariantsDeps/sharp/variant1/sharp
npm ERR! command failed
npm ERR! command sh -c /tmp/install-1660065038311.sh
npm ERR! /data/js-variants/multee/VariantsDeps/sharp/variant1/sharp/lib/libvips.js:16
npm ERR! const minimumLibvipsVersion = semverCoerce(minimumLibvipsVersionLabelled).version;
npm ERR!                                                                          ^
npm ERR! 
npm ERR! TypeError: Cannot read properties of null (reading 'version')
npm ERR!     at Object.<anonymous> (/data/js-variants/multee/VariantsDeps/sharp/variant1/sharp/lib/libvips.js:16:74)
npm ERR!     at Module._compile (node:internal/modules/cjs/loader:1105:14)
npm ERR!     at Module._extensions..js (node:internal/modules/cjs/loader:1159:10)
npm ERR!     at Module.load (node:internal/modules/cjs/loader:981:32)
npm ERR!     at Module._load (node:internal/modules/cjs/loader:827:12)
npm ERR!     at Module.require (node:internal/modules/cjs/loader:1005:19)
npm ERR!     at require (node:internal/modules/cjs/helpers:102:18)
npm ERR!     at Object.<anonymous> (/data/js-variants/multee/VariantsDeps/sharp/variant1/sharp/install/libvips.js:17:17)
npm ERR!     at Module._compile (node:internal/modules/cjs/loader:1105:14)
npm ERR!     at Module._extensions..js (node:internal/modules/cjs/loader:1159:10)
npm ERR! 
npm ERR! Node.js v18.3.0
npm ERR! /data/js-variants/multee/VariantsDeps/sharp/variant1/sharp/lib/libvips.js:16
npm ERR! const minimumLibvipsVersion = semverCoerce(minimumLibvipsVersionLabelled).version;
npm ERR!                                                                          ^
npm ERR! 
npm ERR! TypeError: Cannot read properties of null (reading 'version')
npm ERR!     at Object.<anonymous> (/data/js-variants/multee/VariantsDeps/sharp/variant1/sharp/lib/libvips.js:16:74)
npm ERR!     at Module._compile (node:internal/modules/cjs/loader:1105:14)
npm ERR!     at Module._extensions..js (node:internal/modules/cjs/loader:1159:10)
npm ERR!     at Module.load (node:internal/modules/cjs/loader:981:32)
npm ERR!     at Module._load (node:internal/modules/cjs/loader:827:12)
npm ERR!     at Module.require (node:internal/modules/cjs/loader:1005:19)
npm ERR!     at require (node:internal/modules/cjs/helpers:102:18)
npm ERR!     at Object.<anonymous> (/data/js-variants/multee/VariantsDeps/sharp/variant1/sharp/install/can-compile.js:3:17)
npm ERR!     at Module._compile (node:internal/modules/cjs/loader:1105:14)
npm ERR!     at Module._extensions..js (node:internal/modules/cjs/loader:1159:10)
npm ERR! 
npm ERR! Node.js v18.3.0

npm ERR! A complete log of this run can be found in:
npm ERR!     /root/.npm/_logs/2022-08-09T17_10_38_092Z-debug-0.log
npm ERR! code 1
npm ERR! path /data/js-variants/multee/VariantsDeps/sharp/variant1/sharp
npm ERR! command failed
npm ERR! command sh -c /tmp/install-1660065041422.sh
npm ERR! /data/js-variants/multee/VariantsDeps/sharp/variant1/sharp/lib/libvips.js:16
npm ERR! const minimumLibvipsVersion = semverCoerce(minimumLibvipsVersionLabelled).version;
npm ERR!                                                                          ^
npm ERR! 
npm ERR! TypeError: Cannot read properties of null (reading 'version')
npm ERR!     at Object.<anonymous> (/data/js-variants/multee/VariantsDeps/sharp/variant1/sharp/lib/libvips.js:16:74)
npm ERR!     at Module._compile (node:internal/modules/cjs/loader:1105:14)
npm ERR!     at Module._extensions..js (node:internal/modules/cjs/loader:1159:10)
npm ERR!     at Module.load (node:internal/modules/cjs/loader:981:32)
npm ERR!     at Module._load (node:internal/modules/cjs/loader:827:12)
npm ERR!     at Module.require (node:internal/modules/cjs/loader:1005:19)
npm ERR!     at require (node:internal/modules/cjs/helpers:102:18)
npm ERR!     at Object.<anonymous> (/data/js-variants/multee/VariantsDeps/sharp/variant1/sharp/install/libvips.js:17:17)
npm ERR!     at Module._compile (node:internal/modules/cjs/loader:1105:14)
npm ERR!     at Module._extensions..js (node:internal/modules/cjs/loader:1159:10)
npm ERR! 
npm ERR! Node.js v18.3.0
npm ERR! /data/js-variants/multee/VariantsDeps/sharp/variant1/sharp/lib/libvips.js:16
npm ERR! const minimumLibvipsVersion = semverCoerce(minimumLibvipsVersionLabelled).version;
npm ERR!                                                                          ^
npm ERR! 
npm ERR! TypeError: Cannot read properties of null (reading 'version')
npm ERR!     at Object.<anonymous> (/data/js-variants/multee/VariantsDeps/sharp/variant1/sharp/lib/libvips.js:16:74)
npm ERR!     at Module._compile (node:internal/modules/cjs/loader:1105:14)
npm ERR!     at Module._extensions..js (node:internal/modules/cjs/loader:1159:10)
npm ERR!     at Module.load (node:internal/modules/cjs/loader:981:32)
npm ERR!     at Module._load (node:internal/modules/cjs/loader:827:12)
npm ERR!     at Module.require (node:internal/modules/cjs/loader:1005:19)
npm ERR!     at require (node:internal/modules/cjs/helpers:102:18)
npm ERR!     at Object.<anonymous> (/data/js-variants/multee/VariantsDeps/sharp/variant1/sharp/install/can-compile.js:3:17)
npm ERR!     at Module._compile (node:internal/modules/cjs/loader:1105:14)
npm ERR!     at Module._extensions..js (node:internal/modules/cjs/loader:1159:10)
npm ERR! 
npm ERR! Node.js v18.3.0

npm ERR! A complete log of this run can be found in:
npm ERR!     /home/liu-yuxin/.npm/_logs/2022-08-09T17_10_38_793Z-debug-0.log
Entry module "src/index.ts" is using named and default exports together. Consumers of your bundle will have to use `chunk["default"]` to access the default export, which may not be what you want. Use `output.exports: "named"` to disable this warning
FAIL test/manifestMaskable.test.js
  ● Test suite failed to run

    TypeError: Cannot read properties of null (reading 'version')

      14 | const minimumLibvipsVersionLabelled = env.npm_package_config_libvips || /* istanbul ignore next */
      15 |   config.libvips;
    > 16 | const minimumLibvipsVersion = semverCoerce(minimumLibvipsVersionLabelled).version;
         |                               ^
      17 |
      18 | const spawnSyncOptions = {
      19 |   encoding: 'utf8',

      at Object.<anonymous> (../../../VariantsDeps/sharp/variant1/sharp/lib/libvips.js:16:31)
      at Object.<anonymous> (../../../VariantsDeps/sharp/variant1/sharp/lib/constructor.js:7:1)

FAIL test/array.test.js
  ● Test suite failed to run

    TypeError: Cannot read properties of null (reading 'version')

      14 | const minimumLibvipsVersionLabelled = env.npm_package_config_libvips || /* istanbul ignore next */
      15 |   config.libvips;
    > 16 | const minimumLibvipsVersion = semverCoerce(minimumLibvipsVersionLabelled).version;
         |                               ^
      17 |
      18 | const spawnSyncOptions = {
      19 |   encoding: 'utf8',

      at Object.<anonymous> (../../../VariantsDeps/sharp/variant1/sharp/lib/libvips.js:16:31)
      at Object.<anonymous> (../../../VariantsDeps/sharp/variant1/sharp/lib/constructor.js:7:1)

FAIL test/meta.test.js
  ● Test suite failed to run

    TypeError: Cannot read properties of null (reading 'version')

      14 | const minimumLibvipsVersionLabelled = env.npm_package_config_libvips || /* istanbul ignore next */
      15 |   config.libvips;
    > 16 | const minimumLibvipsVersion = semverCoerce(minimumLibvipsVersionLabelled).version;
         |                               ^
      17 |
      18 | const spawnSyncOptions = {
      19 |   encoding: 'utf8',

      at Object.<anonymous> (../../../VariantsDeps/sharp/variant1/sharp/lib/libvips.js:16:31)
      at Object.<anonymous> (../../../VariantsDeps/sharp/variant1/sharp/lib/constructor.js:7:1)

FAIL test/default.test.js
  ● Test suite failed to run

    TypeError: Cannot read properties of null (reading 'version')

      14 | const minimumLibvipsVersionLabelled = env.npm_package_config_libvips || /* istanbul ignore next */
      15 |   config.libvips;
    > 16 | const minimumLibvipsVersion = semverCoerce(minimumLibvipsVersionLabelled).version;
         |                               ^
      17 |
      18 | const spawnSyncOptions = {
      19 |   encoding: 'utf8',

      at Object.<anonymous> (../../../VariantsDeps/sharp/variant1/sharp/lib/libvips.js:16:31)
      at Object.<anonymous> (../../../VariantsDeps/sharp/variant1/sharp/lib/constructor.js:7:1)

FAIL test/prefixed.test.js
  ● Test suite failed to run

    TypeError: Cannot read properties of null (reading 'version')

      14 | const minimumLibvipsVersionLabelled = env.npm_package_config_libvips || /* istanbul ignore next */
      15 |   config.libvips;
    > 16 | const minimumLibvipsVersion = semverCoerce(minimumLibvipsVersionLabelled).version;
         |                               ^
      17 |
      18 | const spawnSyncOptions = {
      19 |   encoding: 'utf8',

      at Object.<anonymous> (../../../VariantsDeps/sharp/variant1/sharp/lib/libvips.js:16:31)
      at Object.<anonymous> (../../../VariantsDeps/sharp/variant1/sharp/lib/constructor.js:7:1)

FAIL test/background.test.js
  ● Test suite failed to run

    TypeError: Cannot read properties of null (reading 'version')

      14 | const minimumLibvipsVersionLabelled = env.npm_package_config_libvips || /* istanbul ignore next */
      15 |   config.libvips;
    > 16 | const minimumLibvipsVersion = semverCoerce(minimumLibvipsVersionLabelled).version;
         |                               ^
      17 |
      18 | const spawnSyncOptions = {
      19 |   encoding: 'utf8',

      at Object.<anonymous> (../../../VariantsDeps/sharp/variant1/sharp/lib/libvips.js:16:31)
      at Object.<anonymous> (../../../VariantsDeps/sharp/variant1/sharp/lib/constructor.js:7:1)

FAIL test/offset.test.js
  ● Test suite failed to run

    TypeError: Cannot read properties of null (reading 'version')

      14 | const minimumLibvipsVersionLabelled = env.npm_package_config_libvips || /* istanbul ignore next */
      15 |   config.libvips;
    > 16 | const minimumLibvipsVersion = semverCoerce(minimumLibvipsVersionLabelled).version;
         |                               ^
      17 |
      18 | const spawnSyncOptions = {
      19 |   encoding: 'utf8',

      at Object.<anonymous> (../../../VariantsDeps/sharp/variant1/sharp/lib/libvips.js:16:31)
      at Object.<anonymous> (../../../VariantsDeps/sharp/variant1/sharp/lib/constructor.js:7:1)

FAIL test/pixelart.test.js
  ● Test suite failed to run

    TypeError: Cannot read properties of null (reading 'version')

      14 | const minimumLibvipsVersionLabelled = env.npm_package_config_libvips || /* istanbul ignore next */
      15 |   config.libvips;
    > 16 | const minimumLibvipsVersion = semverCoerce(minimumLibvipsVersionLabelled).version;
         |                               ^
      17 |
      18 | const spawnSyncOptions = {
      19 |   encoding: 'utf8',

      at Object.<anonymous> (../../../VariantsDeps/sharp/variant1/sharp/lib/libvips.js:16:31)
      at Object.<anonymous> (../../../VariantsDeps/sharp/variant1/sharp/lib/constructor.js:7:1)

FAIL test/svg.test.js
  ● Test suite failed to run

    TypeError: Cannot read properties of null (reading 'version')

      14 | const minimumLibvipsVersionLabelled = env.npm_package_config_libvips || /* istanbul ignore next */
      15 |   config.libvips;
    > 16 | const minimumLibvipsVersion = semverCoerce(minimumLibvipsVersionLabelled).version;
         |                               ^
      17 |
      18 | const spawnSyncOptions = {
      19 |   encoding: 'utf8',

      at Object.<anonymous> (../../../VariantsDeps/sharp/variant1/sharp/lib/libvips.js:16:31)
      at Object.<anonymous> (../../../VariantsDeps/sharp/variant1/sharp/lib/constructor.js:7:1)

FAIL test/stream.test.js
  ● Test suite failed to run

    TypeError: Cannot read properties of null (reading 'version')

      14 | const minimumLibvipsVersionLabelled = env.npm_package_config_libvips || /* istanbul ignore next */
      15 |   config.libvips;
    > 16 | const minimumLibvipsVersion = semverCoerce(minimumLibvipsVersionLabelled).version;
         |                               ^
      17 |
      18 | const spawnSyncOptions = {
      19 |   encoding: 'utf8',

      at Object.<anonymous> (../../../VariantsDeps/sharp/variant1/sharp/lib/libvips.js:16:31)
      at Object.<anonymous> (../../../VariantsDeps/sharp/variant1/sharp/lib/constructor.js:7:1)

FAIL test/manifestShortcuts.test.js
  ● Test suite failed to run

    TypeError: Cannot read properties of null (reading 'version')

      14 | const minimumLibvipsVersionLabelled = env.npm_package_config_libvips || /* istanbul ignore next */
      15 |   config.libvips;
    > 16 | const minimumLibvipsVersion = semverCoerce(minimumLibvipsVersionLabelled).version;
         |                               ^
      17 |
      18 | const spawnSyncOptions = {
      19 |   encoding: 'utf8',

      at Object.<anonymous> (../../../VariantsDeps/sharp/variant1/sharp/lib/libvips.js:16:31)
      at Object.<anonymous> (../../../VariantsDeps/sharp/variant1/sharp/lib/constructor.js:7:1)

FAIL test/manifestRelativePaths.test.js
  ● Test suite failed to run

    TypeError: Cannot read properties of null (reading 'version')

      14 | const minimumLibvipsVersionLabelled = env.npm_package_config_libvips || /* istanbul ignore next */
      15 |   config.libvips;
    > 16 | const minimumLibvipsVersion = semverCoerce(minimumLibvipsVersionLabelled).version;
         |                               ^
      17 |
      18 | const spawnSyncOptions = {
      19 |   encoding: 'utf8',

      at Object.<anonymous> (../../../VariantsDeps/sharp/variant1/sharp/lib/libvips.js:16:31)
      at Object.<anonymous> (../../../VariantsDeps/sharp/variant1/sharp/lib/constructor.js:7:1)

FAIL test/loadManifestWithCredentials.test.js
  ● Test suite failed to run

    TypeError: Cannot read properties of null (reading 'version')

      14 | const minimumLibvipsVersionLabelled = env.npm_package_config_libvips || /* istanbul ignore next */
      15 |   config.libvips;
    > 16 | const minimumLibvipsVersion = semverCoerce(minimumLibvipsVersionLabelled).version;
         |                               ^
      17 |
      18 | const spawnSyncOptions = {
      19 |   encoding: 'utf8',

      at Object.<anonymous> (../../../VariantsDeps/sharp/variant1/sharp/lib/libvips.js:16:31)
      at Object.<anonymous> (../../../VariantsDeps/sharp/variant1/sharp/lib/constructor.js:7:1)

FAIL test/output.test.js
  ● Test suite failed to run

    TypeError: Cannot read properties of null (reading 'version')

      14 | const minimumLibvipsVersionLabelled = env.npm_package_config_libvips || /* istanbul ignore next */
      15 |   config.libvips;
    > 16 | const minimumLibvipsVersion = semverCoerce(minimumLibvipsVersionLabelled).version;
         |                               ^
      17 |
      18 | const spawnSyncOptions = {
      19 |   encoding: 'utf8',

      at Object.<anonymous> (../../../VariantsDeps/sharp/variant1/sharp/lib/libvips.js:16:31)
      at Object.<anonymous> (../../../VariantsDeps/sharp/variant1/sharp/lib/constructor.js:7:1)

FAIL test/svgScaling.test.js
  ● Test suite failed to run

    TypeError: Cannot read properties of null (reading 'version')

      14 | const minimumLibvipsVersionLabelled = env.npm_package_config_libvips || /* istanbul ignore next */
      15 |   config.libvips;
    > 16 | const minimumLibvipsVersion = semverCoerce(minimumLibvipsVersionLabelled).version;
         |                               ^
      17 |
      18 | const spawnSyncOptions = {
      19 |   encoding: 'utf8',

      at Object.<anonymous> (../../../VariantsDeps/sharp/variant1/sharp/lib/libvips.js:16:31)
      at Object.<anonymous> (../../../VariantsDeps/sharp/variant1/sharp/lib/constructor.js:7:1)

FAIL test/restrict.test.js
  ● Test suite failed to run

    TypeError: Cannot read properties of null (reading 'version')

      14 | const minimumLibvipsVersionLabelled = env.npm_package_config_libvips || /* istanbul ignore next */
      15 |   config.libvips;
    > 16 | const minimumLibvipsVersion = semverCoerce(minimumLibvipsVersionLabelled).version;
         |                               ^
      17 |
      18 | const spawnSyncOptions = {
      19 |   encoding: 'utf8',

      at Object.<anonymous> (../../../VariantsDeps/sharp/variant1/sharp/lib/libvips.js:16:31)
      at Object.<anonymous> (../../../VariantsDeps/sharp/variant1/sharp/lib/constructor.js:7:1)

FAIL test/manifest.test.js
  ● Test suite failed to run

    TypeError: Cannot read properties of null (reading 'version')

      14 | const minimumLibvipsVersionLabelled = env.npm_package_config_libvips || /* istanbul ignore next */
      15 |   config.libvips;
    > 16 | const minimumLibvipsVersion = semverCoerce(minimumLibvipsVersionLabelled).version;
         |                               ^
      17 |
      18 | const spawnSyncOptions = {
      19 |   encoding: 'utf8',

      at Object.<anonymous> (../../../VariantsDeps/sharp/variant1/sharp/lib/libvips.js:16:31)
      at Object.<anonymous> (../../../VariantsDeps/sharp/variant1/sharp/lib/constructor.js:7:1)

FAIL test/failure.test.js
  ● Test suite failed to run

    TypeError: Cannot read properties of null (reading 'version')

      14 | const minimumLibvipsVersionLabelled = env.npm_package_config_libvips || /* istanbul ignore next */
      15 |   config.libvips;
    > 16 | const minimumLibvipsVersion = semverCoerce(minimumLibvipsVersionLabelled).version;
         |                               ^
      17 |
      18 | const spawnSyncOptions = {
      19 |   encoding: 'utf8',

      at Object.<anonymous> (../../../VariantsDeps/sharp/variant1/sharp/lib/libvips.js:16:31)
      at Object.<anonymous> (../../../VariantsDeps/sharp/variant1/sharp/lib/constructor.js:7:1)

FAIL test/noassets.test.js
  ● Test suite failed to run

    TypeError: Cannot read properties of null (reading 'version')

      14 | const minimumLibvipsVersionLabelled = env.npm_package_config_libvips || /* istanbul ignore next */
      15 |   config.libvips;
    > 16 | const minimumLibvipsVersion = semverCoerce(minimumLibvipsVersionLabelled).version;
         |                               ^
      17 |
      18 | const spawnSyncOptions = {
      19 |   encoding: 'utf8',

      at Object.<anonymous> (../../../VariantsDeps/sharp/variant1/sharp/lib/libvips.js:16:31)
      at Object.<anonymous> (../../../VariantsDeps/sharp/variant1/sharp/lib/constructor.js:7:1)

Test Suites: 19 failed, 19 total
Tests:       0 total
Snapshots:   0 total
Time:        11.289 s, estimated 292 s
Ran all test suites.
